Sat Apr 05 01:32:08 2025
 - User inactivity detected for 15 minutes.
[Apr 20, 03:48 PM] STATUS: ACTIVE 30 MIN. MESSAGE: Take a sip of water.
[Apr 20, 03:54 PM] STATUS: INACTIVE. MESSAGE: Rest your eyes!
[Apr 20, 03:54 PM] STATUS: INACTIVE. MESSAGE: Do a quick stretch!
[Apr 20, 03:54 PM] STATUS: INACTIVE. MESSAGE: Shake off the stiffness!
[Apr 20, 03:54 PM] STATUS: INACTIVE. MESSAGE: Take a quick walk!
[Apr 20, 03:54 PM] STATUS: INACTIVE. MESSAGE: Shake off the stiffness!
[Apr 20, 03:54 PM] STATUS: INACTIVE. MESSAGE: Shake off the stiffness!
[Apr 20, 03:54 PM] STATUS: INACTIVE. MESSAGE: Time for a mini-break!
[Apr 20, 03:54 PM] STATUS: INACTIVE. MESSAGE: Time for a mini-break!
[Apr 20, 03:54 PM] STATUS: INACTIVE. MESSAGE: Do a quick stretch!
[Apr 20, 03:54 PM] STATUS: INACTIVE. MESSAGE: Shake off the stiffness!
[Apr 20, 03:54 PM] STATUS: INACTIVE. MESSAGE: Take a quick walk!
[Apr 20, 03:54 PM] STATUS: INACTIVE. MESSAGE: Take a quick walk!
[Apr 20, 03:54 PM] STATUS: INACTIVE. MESSAGE: Rest your eyes!
[Apr 20, 03:54 PM] STATUS: INACTIVE. MESSAGE: Do a quick stretch!
[Apr 20, 03:54 PM] STATUS: INACTIVE. MESSAGE: Rest your eyes!
[Apr 20, 03:54 PM] STATUS: INACTIVE. MESSAGE: Rest your eyes!
[Apr 20, 03:54 PM] STATUS: INACTIVE. MESSAGE: Take a quick walk!
[Apr 20, 03:54 PM] STATUS: INACTIVE. MESSAGE: Do a quick stretch!
[Apr 20, 03:54 PM] STATUS: INACTIVE. MESSAGE: Do a quick stretch!
[Apr 20, 03:54 PM] STATUS: INACTIVE. MESSAGE: Rest your eyes!
[Apr 20, 03:54 PM] STATUS: INACTIVE. MESSAGE: Rest your eyes!
[Apr 20, 03:54 PM] STATUS: INACTIVE. MESSAGE: Shake off the stiffness!
[Apr 20, 03:54 PM] STATUS: INACTIVE. MESSAGE: Do a quick stretch!
[Apr 20, 03:54 PM] STATUS: INACTIVE. MESSAGE: Time for a mini-break!
[Apr 20, 03:54 PM] STATUS: INACTIVE. MESSAGE: Do a quick stretch!
[Apr 20, 03:54 PM] STATUS: INACTIVE. MESSAGE: Do a quick stretch!
[Apr 20, 03:54 PM] STATUS: INACTIVE. MESSAGE: Rest your eyes!
[Apr 20, 03:54 PM] STATUS: INACTIVE. MESSAGE: Rest your eyes!
[Apr 20, 03:54 PM] STATUS: INACTIVE. MESSAGE: Time for a mini-break!
[Apr 20, 03:54 PM] STATUS: INACTIVE. MESSAGE: Take a quick walk!
[Apr 20, 03:54 PM] STATUS: INACTIVE. MESSAGE: Do a quick stretch!
[Apr 20, 03:54 PM] STATUS: INACTIVE. MESSAGE: Rest your eyes!
[Apr 20, 03:54 PM] STATUS: INACTIVE. MESSAGE: Rest your eyes!
[Apr 20, 03:54 PM] STATUS: INACTIVE. MESSAGE: Time for a mini-break!
[Apr 20, 03:54 PM] STATUS: INACTIVE. MESSAGE: Shake off the stiffness!
[Apr 20, 03:54 PM] STATUS: INACTIVE. MESSAGE: Do a quick stretch!
[Apr 20, 03:54 PM] STATUS: INACTIVE. MESSAGE: Do a quick stretch!
[Apr 20, 03:54 PM] STATUS: INACTIVE. MESSAGE: Shake off the stiffness!
[Apr 20, 03:54 PM] STATUS: INACTIVE. MESSAGE: Take a quick walk!
[Apr 20, 03:54 PM] STATUS: INACTIVE. MESSAGE: Shake off the stiffness!
[Apr 20, 03:54 PM] STATUS: INACTIVE. MESSAGE: Time for a mini-break!
[Apr 20, 03:54 PM] STATUS: INACTIVE. MESSAGE: Rest your eyes!
[Apr 20, 03:54 PM] STATUS: INACTIVE. MESSAGE: Do a quick stretch!
[Apr 20, 03:54 PM] STATUS: INACTIVE. MESSAGE: Time for a mini-break!
[Apr 20, 03:54 PM] STATUS: INACTIVE. MESSAGE: Time for a mini-break!
[Apr 20, 03:54 PM] STATUS: INACTIVE. MESSAGE: Shake off the stiffness!
[Apr 20, 03:54 PM] STATUS: INACTIVE. MESSAGE: Rest your eyes!
[Apr 20, 03:54 PM] STATUS: INACTIVE. MESSAGE: Rest your eyes!
[Apr 20, 03:54 PM] STATUS: INACTIVE. MESSAGE: Time for a mini-break!
[Apr 20, 03:54 PM] STATUS: INACTIVE. MESSAGE: Time for a mini-break!
[Apr 20, 03:54 PM] STATUS: INACTIVE. MESSAGE: Do a quick stretch!
[Apr 20, 03:55 PM] STATUS: INACTIVE. MESSAGE: Shake off the stiffness!
[Apr 20, 03:55 PM] STATUS: INACTIVE. MESSAGE: Do a quick stretch!
[Apr 20, 03:55 PM] STATUS: INACTIVE. MESSAGE: Do a quick stretch!
[Apr 20, 03:55 PM] STATUS: INACTIVE. MESSAGE: Do a quick stretch!
[Apr 20, 03:55 PM] STATUS: INACTIVE. MESSAGE: Shake off the stiffness!
[Apr 20, 03:55 PM] STATUS: INACTIVE. MESSAGE: Time for a mini-break!
[Apr 20, 03:55 PM] STATUS: INACTIVE. MESSAGE: Rest your eyes!
[Apr 20, 03:55 PM] STATUS: INACTIVE. MESSAGE: Shake off the stiffness!
[Apr 20, 03:55 PM] STATUS: INACTIVE. MESSAGE: Time for a mini-break!
[Apr 20, 03:55 PM] STATUS: INACTIVE. MESSAGE: Rest your eyes!
[Apr 20, 03:55 PM] STATUS: INACTIVE. MESSAGE: Take a quick walk!
[Apr 20, 03:55 PM] STATUS: INACTIVE. MESSAGE: Take a quick walk!
[Apr 20, 03:55 PM] STATUS: INACTIVE. MESSAGE: Do a quick stretch!
[Apr 20, 03:55 PM] STATUS: INACTIVE. MESSAGE: Time for a mini-break!
[Apr 20, 03:55 PM] STATUS: INACTIVE. MESSAGE: Rest your eyes!
[Apr 20, 03:55 PM] STATUS: INACTIVE. MESSAGE: Take a quick walk!
[Apr 20, 03:55 PM] STATUS: INACTIVE. MESSAGE: Do a quick stretch!
[Apr 20, 03:55 PM] STATUS: INACTIVE. MESSAGE: Shake off the stiffness!
[Apr 20, 03:55 PM] STATUS: INACTIVE. MESSAGE: Time for a mini-break!
[Apr 20, 03:55 PM] STATUS: INACTIVE. MESSAGE: Rest your eyes!
[Apr 20, 03:55 PM] STATUS: INACTIVE. MESSAGE: Take a quick walk!
[Apr 20, 03:55 PM] STATUS: INACTIVE. MESSAGE: Take a quick walk!
[Apr 20, 03:55 PM] STATUS: INACTIVE. MESSAGE: Shake off the stiffness!
[Apr 20, 03:55 PM] STATUS: INACTIVE. MESSAGE: Take a quick walk!
[Apr 23, 11:57 PM] STATUS: INACTIVE. MESSAGE: Rest your eyes!
[Apr 23, 11:57 PM] STATUS: INACTIVE. MESSAGE: Do a quick stretch!
[Apr 23, 11:57 PM] STATUS: INACTIVE. MESSAGE: Shake off the stiffness!
[Apr 23, 11:57 PM] STATUS: INACTIVE. MESSAGE: Take a quick walk!
[Apr 23, 11:57 PM] STATUS: INACTIVE. MESSAGE: Shake off the stiffness!
[Apr 23, 11:57 PM] STATUS: INACTIVE. MESSAGE: Shake off the stiffness!
[Apr 23, 11:57 PM] STATUS: INACTIVE. MESSAGE: Time for a mini-break!
[Apr 23, 11:57 PM] STATUS: INACTIVE. MESSAGE: Time for a mini-break!
[Apr 23, 11:57 PM] STATUS: INACTIVE. MESSAGE: Do a quick stretch!
[Apr 23, 11:57 PM] STATUS: INACTIVE. MESSAGE: Shake off the stiffness!
[Apr 23, 11:57 PM] STATUS: INACTIVE. MESSAGE: Take a quick walk!
[Apr 23, 11:57 PM] STATUS: INACTIVE. MESSAGE: Take a quick walk!
[Apr 23, 11:57 PM] STATUS: INACTIVE. MESSAGE: Rest your eyes!
[Apr 23, 11:57 PM] STATUS: INACTIVE. MESSAGE: Do a quick stretch!
[Apr 23, 11:57 PM] STATUS: INACTIVE. MESSAGE: Rest your eyes!
[Apr 23, 11:57 PM] STATUS: INACTIVE. MESSAGE: Rest your eyes!
[Apr 23, 11:57 PM] STATUS: INACTIVE. MESSAGE: Take a quick walk!
[Apr 23, 11:57 PM] STATUS: INACTIVE. MESSAGE: Do a quick stretch!
[Apr 23, 11:57 PM] STATUS: INACTIVE. MESSAGE: Do a quick stretch!
[Apr 23, 11:57 PM] STATUS: INACTIVE. MESSAGE: Rest your eyes!
[Apr 23, 11:57 PM] STATUS: INACTIVE. MESSAGE: Rest your eyes!
[Apr 23, 11:57 PM] STATUS: INACTIVE. MESSAGE: Shake off the stiffness!
[Apr 23, 11:57 PM] STATUS: INACTIVE. MESSAGE: Do a quick stretch!
[Apr 23, 11:57 PM] STATUS: INACTIVE. MESSAGE: Time for a mini-break!
[Apr 23, 11:57 PM] STATUS: INACTIVE. MESSAGE: Do a quick stretch!
[Apr 23, 11:57 PM] STATUS: INACTIVE. MESSAGE: Do a quick stretch!
[Apr 23, 11:57 PM] STATUS: INACTIVE. MESSAGE: Rest your eyes!
[Apr 23, 11:57 PM] STATUS: INACTIVE. MESSAGE: Rest your eyes!
[Apr 23, 11:57 PM] STATUS: INACTIVE. MESSAGE: Time for a mini-break!
[Apr 23, 11:57 PM] STATUS: INACTIVE. MESSAGE: Take a quick walk!
[Apr 23, 11:57 PM] STATUS: INACTIVE. MESSAGE: Do a quick stretch!
[Apr 23, 11:57 PM] STATUS: INACTIVE. MESSAGE: Rest your eyes!
[Apr 23, 11:58 PM] STATUS: INACTIVE. MESSAGE: Rest your eyes!
[Apr 23, 11:58 PM] STATUS: INACTIVE. MESSAGE: Time for a mini-break!
[Apr 23, 11:58 PM] STATUS: INACTIVE. MESSAGE: Shake off the stiffness!
[Apr 23, 11:58 PM] STATUS: INACTIVE. MESSAGE: Do a quick stretch!
[Apr 23, 11:58 PM] STATUS: INACTIVE. MESSAGE: Do a quick stretch!
[Apr 23, 11:58 PM] STATUS: INACTIVE. MESSAGE: Shake off the stiffness!
[Apr 23, 11:58 PM] STATUS: INACTIVE. MESSAGE: Take a quick walk!
[Apr 23, 11:58 PM] STATUS: INACTIVE. MESSAGE: Shake off the stiffness!
[Apr 23, 11:58 PM] STATUS: INACTIVE. MESSAGE: Time for a mini-break!
[Apr 23, 11:58 PM] STATUS: INACTIVE. MESSAGE: Rest your eyes!
[Apr 23, 11:58 PM] STATUS: INACTIVE. MESSAGE: Do a quick stretch!
[Apr 23, 11:58 PM] STATUS: INACTIVE. MESSAGE: Time for a mini-break!
[Apr 23, 11:58 PM] STATUS: INACTIVE. MESSAGE: Time for a mini-break!
[Apr 23, 11:58 PM] STATUS: INACTIVE. MESSAGE: Shake off the stiffness!
[Apr 23, 11:58 PM] STATUS: INACTIVE. MESSAGE: Rest your eyes!
[Apr 23, 11:58 PM] STATUS: INACTIVE. MESSAGE: Rest your eyes!
[Apr 23, 11:58 PM] STATUS: INACTIVE. MESSAGE: Time for a mini-break!
[Apr 23, 11:58 PM] STATUS: INACTIVE. MESSAGE: Time for a mini-break!
[Apr 23, 11:58 PM] STATUS: INACTIVE. MESSAGE: Do a quick stretch!
[Apr 23, 11:58 PM] STATUS: INACTIVE. MESSAGE: Shake off the stiffness!
[Apr 23, 11:58 PM] STATUS: INACTIVE. MESSAGE: Do a quick stretch!
[Apr 23, 11:58 PM] STATUS: INACTIVE. MESSAGE: Do a quick stretch!
[Apr 23, 11:58 PM] STATUS: INACTIVE. MESSAGE: Do a quick stretch!
[Apr 23, 11:58 PM] STATUS: INACTIVE. MESSAGE: Shake off the stiffness!
[Apr 23, 11:58 PM] STATUS: INACTIVE. MESSAGE: Time for a mini-break!
[Apr 23, 11:58 PM] STATUS: INACTIVE. MESSAGE: Rest your eyes!
[Apr 23, 11:58 PM] STATUS: INACTIVE. MESSAGE: Shake off the stiffness!
[Apr 23, 11:58 PM] STATUS: INACTIVE. MESSAGE: Time for a mini-break!
[Apr 23, 11:58 PM] STATUS: INACTIVE. MESSAGE: Rest your eyes!
[Apr 23, 11:58 PM] STATUS: INACTIVE. MESSAGE: Take a quick walk!
[Apr 23, 11:58 PM] STATUS: INACTIVE. MESSAGE: Take a quick walk!
[Apr 23, 11:58 PM] STATUS: INACTIVE. MESSAGE: Do a quick stretch!
[Apr 23, 11:58 PM] STATUS: INACTIVE. MESSAGE: Time for a mini-break!
[Apr 23, 11:58 PM] STATUS: INACTIVE. MESSAGE: Rest your eyes!
[Apr 23, 11:58 PM] STATUS: INACTIVE. MESSAGE: Take a quick walk!
[Apr 23, 11:58 PM] STATUS: INACTIVE. MESSAGE: Do a quick stretch!
[Apr 23, 11:58 PM] STATUS: INACTIVE. MESSAGE: Shake off the stiffness!
[Apr 23, 11:58 PM] STATUS: INACTIVE. MESSAGE: Time for a mini-break!
[Apr 23, 11:58 PM] STATUS: INACTIVE. MESSAGE: Rest your eyes!
[Apr 23, 11:58 PM] STATUS: INACTIVE. MESSAGE: Take a quick walk!
[Apr 23, 11:58 PM] STATUS: INACTIVE. MESSAGE: Take a quick walk!
[Apr 23, 11:58 PM] STATUS: INACTIVE. MESSAGE: Shake off the stiffness!
[Apr 23, 11:58 PM] STATUS: INACTIVE. MESSAGE: Take a quick walk!
[Apr 23, 11:58 PM] STATUS: INACTIVE. MESSAGE: Take a quick walk!
[Apr 23, 11:58 PM] STATUS: INACTIVE. MESSAGE: Rest your eyes!
[Apr 23, 11:58 PM] STATUS: INACTIVE. MESSAGE: Rest your eyes!
[Apr 23, 11:58 PM] STATUS: INACTIVE. MESSAGE: Time for a mini-break!
[Apr 23, 11:58 PM] STATUS: INACTIVE. MESSAGE: Time for a mini-break!
[Apr 23, 11:58 PM] STATUS: INACTIVE. MESSAGE: Shake off the stiffness!
[Apr 23, 11:58 PM] STATUS: INACTIVE. MESSAGE: Time for a mini-break!
[Apr 23, 11:58 PM] STATUS: INACTIVE. MESSAGE: Shake off the stiffness!
[Apr 23, 11:58 PM] STATUS: INACTIVE. MESSAGE: Shake off the stiffness!
[Apr 23, 11:58 PM] STATUS: INACTIVE. MESSAGE: Rest your eyes!
[Apr 23, 11:58 PM] STATUS: INACTIVE. MESSAGE: Take a quick walk!
[Apr 23, 11:58 PM] STATUS: INACTIVE. MESSAGE: Rest your eyes!
[Apr 23, 11:58 PM] STATUS: INACTIVE. MESSAGE: Rest your eyes!
[Apr 23, 11:58 PM] STATUS: INACTIVE. MESSAGE: Rest your eyes!
[Apr 23, 11:58 PM] STATUS: INACTIVE. MESSAGE: Time for a mini-break!
[Apr 23, 11:58 PM] STATUS: INACTIVE. MESSAGE: Shake off the stiffness!
[Apr 23, 11:59 PM] STATUS: INACTIVE. MESSAGE: Shake off the stiffness!
[Apr 23, 11:59 PM] STATUS: INACTIVE. MESSAGE: Rest your eyes!
[Apr 23, 11:59 PM] STATUS: INACTIVE. MESSAGE: Time for a mini-break!
[Apr 23, 11:59 PM] STATUS: INACTIVE. MESSAGE: Do a quick stretch!
[Apr 23, 11:59 PM] STATUS: INACTIVE. MESSAGE: Time for a mini-break!
[Apr 23, 11:59 PM] STATUS: INACTIVE. MESSAGE: Time for a mini-break!
[Apr 23, 11:59 PM] STATUS: INACTIVE. MESSAGE: Do a quick stretch!
[Apr 23, 11:59 PM] STATUS: INACTIVE. MESSAGE: Shake off the stiffness!
[Apr 23, 11:59 PM] STATUS: INACTIVE. MESSAGE: Rest your eyes!
[Apr 23, 11:59 PM] STATUS: INACTIVE. MESSAGE: Time for a mini-break!
[Apr 23, 11:59 PM] STATUS: INACTIVE. MESSAGE: Take a quick walk!
[Apr 23, 11:59 PM] STATUS: INACTIVE. MESSAGE: Shake off the stiffness!
[Apr 23, 11:59 PM] STATUS: INACTIVE. MESSAGE: Time for a mini-break!
[Apr 23, 11:59 PM] STATUS: INACTIVE. MESSAGE: Shake off the stiffness!
[Apr 23, 11:59 PM] STATUS: INACTIVE. MESSAGE: Take a quick walk!
[Apr 23, 11:59 PM] STATUS: INACTIVE. MESSAGE: Do a quick stretch!
[Apr 23, 11:59 PM] STATUS: INACTIVE. MESSAGE: Rest your eyes!
[Apr 23, 11:59 PM] STATUS: INACTIVE. MESSAGE: Time for a mini-break!
[Apr 23, 11:59 PM] STATUS: INACTIVE. MESSAGE: Rest your eyes!
[Apr 23, 11:59 PM] STATUS: INACTIVE. MESSAGE: Rest your eyes!
[Apr 23, 11:59 PM] STATUS: INACTIVE. MESSAGE: Take a quick walk!
[Apr 23, 11:59 PM] STATUS: INACTIVE. MESSAGE: Shake off the stiffness!
[Apr 23, 11:59 PM] STATUS: INACTIVE. MESSAGE: Do a quick stretch!
[Apr 23, 11:59 PM] STATUS: INACTIVE. MESSAGE: Take a quick walk!
[Apr 23, 11:59 PM] STATUS: INACTIVE. MESSAGE: Shake off the stiffness!
[Apr 23, 11:59 PM] STATUS: INACTIVE. MESSAGE: Do a quick stretch!
[Apr 23, 11:59 PM] STATUS: INACTIVE. MESSAGE: Time for a mini-break!
[Apr 23, 11:59 PM] STATUS: INACTIVE. MESSAGE: Do a quick stretch!
[Apr 23, 11:59 PM] STATUS: INACTIVE. MESSAGE: Do a quick stretch!
[Apr 23, 11:59 PM] STATUS: INACTIVE. MESSAGE: Rest your eyes!
[Apr 23, 11:59 PM] STATUS: INACTIVE. MESSAGE: Take a quick walk!
[Apr 23, 11:59 PM] STATUS: INACTIVE. MESSAGE: Rest your eyes!
[Apr 23, 11:59 PM] STATUS: INACTIVE. MESSAGE: Rest your eyes!
[Apr 23, 11:59 PM] STATUS: INACTIVE. MESSAGE: Take a quick walk!
[Apr 23, 11:59 PM] STATUS: INACTIVE. MESSAGE: Do a quick stretch!
[Apr 23, 11:59 PM] STATUS: INACTIVE. MESSAGE: Take a quick walk!
[Apr 23, 11:59 PM] STATUS: INACTIVE. MESSAGE: Shake off the stiffness!
[Apr 23, 11:59 PM] STATUS: INACTIVE. MESSAGE: Rest your eyes!
[Apr 23, 11:59 PM] STATUS: INACTIVE. MESSAGE: Do a quick stretch!
[Apr 23, 11:59 PM] STATUS: INACTIVE. MESSAGE: Take a quick walk!
[Apr 23, 11:59 PM] STATUS: INACTIVE. MESSAGE: Take a quick walk!
[Apr 23, 11:59 PM] STATUS: INACTIVE. MESSAGE: Rest your eyes!
[Apr 23, 11:59 PM] STATUS: INACTIVE. MESSAGE: Shake off the stiffness!
[Apr 23, 11:59 PM] STATUS: INACTIVE. MESSAGE: Rest your eyes!
[Apr 23, 11:59 PM] STATUS: INACTIVE. MESSAGE: Take a quick walk!
[Apr 23, 11:59 PM] STATUS: INACTIVE. MESSAGE: Do a quick stretch!
[Apr 23, 11:59 PM] STATUS: INACTIVE. MESSAGE: Rest your eyes!
[Apr 23, 11:59 PM] STATUS: INACTIVE. MESSAGE: Do a quick stretch!
[Apr 23, 11:59 PM] STATUS: INACTIVE. MESSAGE: Do a quick stretch!
[Apr 23, 11:59 PM] STATUS: INACTIVE. MESSAGE: Do a quick stretch!
[Apr 23, 11:59 PM] STATUS: INACTIVE. MESSAGE: Do a quick stretch!
[Apr 23, 11:59 PM] STATUS: INACTIVE. MESSAGE: Time for a mini-break!
[Apr 23, 11:59 PM] STATUS: INACTIVE. MESSAGE: Time for a mini-break!
[Apr 23, 11:59 PM] STATUS: INACTIVE. MESSAGE: Take a quick walk!
[Apr 23, 11:59 PM] STATUS: INACTIVE. MESSAGE: Shake off the stiffness!
[Apr 23, 11:59 PM] STATUS: INACTIVE. MESSAGE: Shake off the stiffness!
[Apr 23, 11:59 PM] STATUS: INACTIVE. MESSAGE: Time for a mini-break!
[Apr 23, 11:59 PM] STATUS: INACTIVE. MESSAGE: Rest your eyes!
[Apr 23, 11:59 PM] STATUS: INACTIVE. MESSAGE: Time for a mini-break!
[Apr 24, 12:00 AM] STATUS: INACTIVE. MESSAGE: Do a quick stretch!
[Apr 24, 12:00 AM] STATUS: INACTIVE. MESSAGE: Rest your eyes!
[Apr 24, 12:00 AM] STATUS: INACTIVE. MESSAGE: Rest your eyes!
[Apr 24, 12:00 AM] STATUS: INACTIVE. MESSAGE: Take a quick walk!
[Apr 24, 12:00 AM] STATUS: INACTIVE. MESSAGE: Time for a mini-break!
[Apr 24, 12:00 AM] STATUS: INACTIVE. MESSAGE: Time for a mini-break!
[Apr 24, 12:00 AM] STATUS: INACTIVE. MESSAGE: Take a quick walk!
[Apr 24, 12:00 AM] STATUS: INACTIVE. MESSAGE: Rest your eyes!
[Apr 24, 12:00 AM] STATUS: INACTIVE. MESSAGE: Do a quick stretch!
[Apr 24, 12:00 AM] STATUS: INACTIVE. MESSAGE: Take a quick walk!
[Apr 24, 12:00 AM] STATUS: INACTIVE. MESSAGE: Take a quick walk!
[Apr 24, 12:00 AM] STATUS: INACTIVE. MESSAGE: Shake off the stiffness!
[Apr 24, 12:00 AM] STATUS: INACTIVE. MESSAGE: Shake off the stiffness!
[Apr 24, 12:00 AM] STATUS: INACTIVE. MESSAGE: Do a quick stretch!
[Apr 24, 12:00 AM] STATUS: INACTIVE. MESSAGE: Time for a mini-break!
[Apr 24, 12:00 AM] STATUS: INACTIVE. MESSAGE: Time for a mini-break!
[Apr 24, 12:00 AM] STATUS: INACTIVE. MESSAGE: Take a quick walk!
[Apr 24, 12:00 AM] STATUS: INACTIVE. MESSAGE: Rest your eyes!
[Apr 24, 12:00 AM] STATUS: INACTIVE. MESSAGE: Do a quick stretch!
[Apr 24, 12:00 AM] STATUS: INACTIVE. MESSAGE: Take a quick walk!
[Apr 24, 12:00 AM] STATUS: INACTIVE. MESSAGE: Rest your eyes!
[Apr 24, 12:00 AM] STATUS: INACTIVE. MESSAGE: Rest your eyes!
[Apr 24, 12:00 AM] STATUS: INACTIVE. MESSAGE: Shake off the stiffness!
[Apr 24, 12:00 AM] STATUS: INACTIVE. MESSAGE: Take a quick walk!
[Apr 24, 12:00 AM] STATUS: INACTIVE. MESSAGE: Rest your eyes!
[Apr 24, 12:00 AM] STATUS: INACTIVE. MESSAGE: Rest your eyes!
[Apr 24, 12:00 AM] STATUS: INACTIVE. MESSAGE: Time for a mini-break!
[Apr 24, 12:00 AM] STATUS: INACTIVE. MESSAGE: Shake off the stiffness!
[Apr 24, 12:00 AM] STATUS: INACTIVE. MESSAGE: Time for a mini-break!
[Apr 24, 12:00 AM] STATUS: INACTIVE. MESSAGE: Shake off the stiffness!
[Apr 24, 12:00 AM] STATUS: INACTIVE. MESSAGE: Rest your eyes!
[Apr 24, 12:00 AM] STATUS: INACTIVE. MESSAGE: Shake off the stiffness!
[Apr 24, 12:00 AM] STATUS: INACTIVE. MESSAGE: Time for a mini-break!
[Apr 24, 12:00 AM] STATUS: INACTIVE. MESSAGE: Shake off the stiffness!
[Apr 24, 12:00 AM] STATUS: INACTIVE. MESSAGE: Time for a mini-break!
[Apr 24, 12:00 AM] STATUS: INACTIVE. MESSAGE: Time for a mini-break!
[Apr 24, 12:00 AM] STATUS: INACTIVE. MESSAGE: Take a quick walk!
[Apr 24, 12:00 AM] STATUS: INACTIVE. MESSAGE: Time for a mini-break!
[Apr 24, 12:00 AM] STATUS: INACTIVE. MESSAGE: Do a quick stretch!
[Apr 24, 12:00 AM] STATUS: INACTIVE. MESSAGE: Do a quick stretch!
[Apr 24, 12:00 AM] STATUS: INACTIVE. MESSAGE: Time for a mini-break!
[Apr 24, 12:00 AM] STATUS: INACTIVE. MESSAGE: Time for a mini-break!
[Apr 24, 12:00 AM] STATUS: INACTIVE. MESSAGE: Time for a mini-break!
[Apr 24, 12:00 AM] STATUS: INACTIVE. MESSAGE: Time for a mini-break!
[Apr 24, 12:00 AM] STATUS: INACTIVE. MESSAGE: Do a quick stretch!
[Apr 24, 12:00 AM] STATUS: INACTIVE. MESSAGE: Rest your eyes!
[Apr 24, 12:00 AM] STATUS: INACTIVE. MESSAGE: Take a quick walk!
[Apr 24, 12:00 AM] STATUS: INACTIVE. MESSAGE: Do a quick stretch!
[Apr 24, 12:00 AM] STATUS: INACTIVE. MESSAGE: Time for a mini-break!
[Apr 24, 12:00 AM] STATUS: INACTIVE. MESSAGE: Shake off the stiffness!
[Apr 24, 12:00 AM] STATUS: INACTIVE. MESSAGE: Shake off the stiffness!
[Apr 24, 12:00 AM] STATUS: INACTIVE. MESSAGE: Rest your eyes!
[Apr 24, 12:00 AM] STATUS: INACTIVE. MESSAGE: Take a quick walk!
[Apr 24, 12:00 AM] STATUS: INACTIVE. MESSAGE: Rest your eyes!
[Apr 24, 12:00 AM] STATUS: INACTIVE. MESSAGE: Take a quick walk!
[Apr 24, 12:00 AM] STATUS: INACTIVE. MESSAGE: Shake off the stiffness!
[Apr 24, 12:00 AM] STATUS: INACTIVE. MESSAGE: Shake off the stiffness!
[Apr 24, 12:00 AM] STATUS: INACTIVE. MESSAGE: Rest your eyes!
[Apr 24, 12:00 AM] STATUS: INACTIVE. MESSAGE: Time for a mini-break!
[Apr 24, 12:00 AM] STATUS: INACTIVE. MESSAGE: Time for a mini-break!
[Apr 24, 12:01 AM] STATUS: INACTIVE. MESSAGE: Shake off the stiffness!
[Apr 24, 12:01 AM] STATUS: INACTIVE. MESSAGE: Time for a mini-break!
[Apr 24, 12:01 AM] STATUS: INACTIVE. MESSAGE: Shake off the stiffness!
[Apr 24, 12:01 AM] STATUS: INACTIVE. MESSAGE: Shake off the stiffness!
[Apr 24, 12:01 AM] STATUS: INACTIVE. MESSAGE: Shake off the stiffness!
[Apr 24, 12:01 AM] STATUS: INACTIVE. MESSAGE: Do a quick stretch!
[Apr 24, 12:01 AM] STATUS: INACTIVE. MESSAGE: Take a quick walk!
[Apr 24, 12:01 AM] STATUS: INACTIVE. MESSAGE: Take a quick walk!
[Apr 24, 12:01 AM] STATUS: INACTIVE. MESSAGE: Time for a mini-break!
[Apr 24, 12:01 AM] STATUS: INACTIVE. MESSAGE: Time for a mini-break!
[Apr 24, 12:01 AM] STATUS: INACTIVE. MESSAGE: Time for a mini-break!
[Apr 24, 12:01 AM] STATUS: INACTIVE. MESSAGE: Do a quick stretch!
[Apr 24, 12:01 AM] STATUS: INACTIVE. MESSAGE: Shake off the stiffness!
[Apr 24, 12:01 AM] STATUS: INACTIVE. MESSAGE: Time for a mini-break!
[Apr 24, 12:01 AM] STATUS: INACTIVE. MESSAGE: Time for a mini-break!
[Apr 24, 12:01 AM] STATUS: INACTIVE. MESSAGE: Take a quick walk!
[Apr 24, 12:01 AM] STATUS: INACTIVE. MESSAGE: Time for a mini-break!
[Apr 24, 12:01 AM] STATUS: INACTIVE. MESSAGE: Time for a mini-break!
[Apr 24, 12:01 AM] STATUS: INACTIVE. MESSAGE: Take a quick walk!
[Apr 24, 12:01 AM] STATUS: INACTIVE. MESSAGE: Rest your eyes!
[Apr 24, 12:01 AM] STATUS: INACTIVE. MESSAGE: Time for a mini-break!
[Apr 24, 12:01 AM] STATUS: INACTIVE. MESSAGE: Rest your eyes!
[Apr 24, 12:01 AM] STATUS: INACTIVE. MESSAGE: Shake off the stiffness!
[Apr 24, 12:01 AM] STATUS: INACTIVE. MESSAGE: Time for a mini-break!
[Apr 24, 12:01 AM] STATUS: INACTIVE. MESSAGE: Shake off the stiffness!
[Apr 24, 12:01 AM] STATUS: INACTIVE. MESSAGE: Do a quick stretch!
[Apr 24, 12:01 AM] STATUS: INACTIVE. MESSAGE: Do a quick stretch!
[Apr 24, 12:01 AM] STATUS: INACTIVE. MESSAGE: Do a quick stretch!
[Apr 24, 12:01 AM] STATUS: INACTIVE. MESSAGE: Time for a mini-break!
[Apr 24, 12:01 AM] STATUS: INACTIVE. MESSAGE: Do a quick stretch!
[Apr 24, 12:01 AM] STATUS: INACTIVE. MESSAGE: Time for a mini-break!
[Apr 24, 12:01 AM] STATUS: INACTIVE. MESSAGE: Shake off the stiffness!
[Apr 24, 12:01 AM] STATUS: INACTIVE. MESSAGE: Take a quick walk!
[Apr 24, 12:01 AM] STATUS: INACTIVE. MESSAGE: Do a quick stretch!
[Apr 24, 12:01 AM] STATUS: INACTIVE. MESSAGE: Time for a mini-break!
[Apr 24, 12:01 AM] STATUS: INACTIVE. MESSAGE: Rest your eyes!
[Apr 24, 12:01 AM] STATUS: INACTIVE. MESSAGE: Take a quick walk!
[Apr 24, 12:01 AM] STATUS: INACTIVE. MESSAGE: Time for a mini-break!
[Apr 24, 12:01 AM] STATUS: INACTIVE. MESSAGE: Rest your eyes!
[Apr 24, 12:01 AM] STATUS: INACTIVE. MESSAGE: Rest your eyes!
[Apr 24, 12:01 AM] STATUS: INACTIVE. MESSAGE: Do a quick stretch!
[Apr 24, 12:01 AM] STATUS: INACTIVE. MESSAGE: Shake off the stiffness!
[Apr 24, 12:01 AM] STATUS: INACTIVE. MESSAGE: Do a quick stretch!
[Apr 24, 12:01 AM] STATUS: INACTIVE. MESSAGE: Take a quick walk!
[Apr 24, 12:01 AM] STATUS: INACTIVE. MESSAGE: Time for a mini-break!
[Apr 24, 12:01 AM] STATUS: INACTIVE. MESSAGE: Rest your eyes!
[Apr 24, 12:01 AM] STATUS: INACTIVE. MESSAGE: Do a quick stretch!
[Apr 24, 12:01 AM] STATUS: INACTIVE. MESSAGE: Rest your eyes!
[Apr 24, 12:01 AM] STATUS: INACTIVE. MESSAGE: Take a quick walk!
[Apr 24, 12:01 AM] STATUS: INACTIVE. MESSAGE: Time for a mini-break!
[Apr 24, 12:01 AM] STATUS: INACTIVE. MESSAGE: Shake off the stiffness!
[Apr 24, 12:01 AM] STATUS: INACTIVE. MESSAGE: Do a quick stretch!
[Apr 24, 12:01 AM] STATUS: INACTIVE. MESSAGE: Shake off the stiffness!
[Apr 24, 12:01 AM] STATUS: INACTIVE. MESSAGE: Rest your eyes!
[Apr 24, 12:01 AM] STATUS: INACTIVE. MESSAGE: Rest your eyes!
[Apr 24, 12:01 AM] STATUS: INACTIVE. MESSAGE: Time for a mini-break!
[Apr 24, 12:01 AM] STATUS: INACTIVE. MESSAGE: Do a quick stretch!
[Apr 24, 12:01 AM] STATUS: INACTIVE. MESSAGE: Rest your eyes!
[Apr 24, 12:01 AM] STATUS: INACTIVE. MESSAGE: Rest your eyes!
[Apr 24, 12:02 AM] STATUS: INACTIVE. MESSAGE: Shake off the stiffness!
[Apr 24, 12:02 AM] STATUS: INACTIVE. MESSAGE: Do a quick stretch!
[Apr 24, 12:02 AM] STATUS: INACTIVE. MESSAGE: Rest your eyes!
[Apr 24, 12:02 AM] STATUS: INACTIVE. MESSAGE: Do a quick stretch!
[Apr 24, 12:02 AM] STATUS: INACTIVE. MESSAGE: Shake off the stiffness!
[Apr 24, 12:02 AM] STATUS: INACTIVE. MESSAGE: Take a quick walk!
[Apr 24, 12:02 AM] STATUS: INACTIVE. MESSAGE: Do a quick stretch!
[Apr 24, 12:02 AM] STATUS: INACTIVE. MESSAGE: Take a quick walk!
[Apr 24, 12:02 AM] STATUS: INACTIVE. MESSAGE: Take a quick walk!
[Apr 24, 12:02 AM] STATUS: INACTIVE. MESSAGE: Time for a mini-break!
[Apr 24, 12:02 AM] STATUS: INACTIVE. MESSAGE: Shake off the stiffness!
[Apr 24, 12:02 AM] STATUS: INACTIVE. MESSAGE: Rest your eyes!
[Apr 24, 12:02 AM] STATUS: INACTIVE. MESSAGE: Time for a mini-break!
[Apr 24, 12:02 AM] STATUS: INACTIVE. MESSAGE: Rest your eyes!
[Apr 24, 12:02 AM] STATUS: INACTIVE. MESSAGE: Shake off the stiffness!
[Apr 24, 12:02 AM] STATUS: INACTIVE. MESSAGE: Take a quick walk!
[Apr 24, 12:02 AM] STATUS: INACTIVE. MESSAGE: Time for a mini-break!
[Apr 24, 12:02 AM] STATUS: INACTIVE. MESSAGE: Do a quick stretch!
[Apr 24, 12:02 AM] STATUS: INACTIVE. MESSAGE: Take a quick walk!
[Apr 24, 12:02 AM] STATUS: INACTIVE. MESSAGE: Do a quick stretch!
[Apr 24, 12:02 AM] STATUS: INACTIVE. MESSAGE: Take a quick walk!
[Apr 24, 12:02 AM] STATUS: INACTIVE. MESSAGE: Time for a mini-break!
[Apr 24, 12:02 AM] STATUS: INACTIVE. MESSAGE: Rest your eyes!
[Apr 24, 12:02 AM] STATUS: INACTIVE. MESSAGE: Do a quick stretch!
[Apr 24, 12:02 AM] STATUS: INACTIVE. MESSAGE: Do a quick stretch!
[Apr 24, 12:02 AM] STATUS: INACTIVE. MESSAGE: Do a quick stretch!
[Apr 24, 12:02 AM] STATUS: INACTIVE. MESSAGE: Do a quick stretch!
[Apr 24, 12:02 AM] STATUS: INACTIVE. MESSAGE: Shake off the stiffness!
[Apr 24, 12:02 AM] STATUS: INACTIVE. MESSAGE: Shake off the stiffness!
[Apr 24, 12:02 AM] STATUS: INACTIVE. MESSAGE: Rest your eyes!
[Apr 24, 12:02 AM] STATUS: INACTIVE. MESSAGE: Shake off the stiffness!
[Apr 24, 12:02 AM] STATUS: INACTIVE. MESSAGE: Rest your eyes!
[Apr 24, 12:02 AM] STATUS: INACTIVE. MESSAGE: Shake off the stiffness!
[Apr 24, 12:02 AM] STATUS: INACTIVE. MESSAGE: Time for a mini-break!
[Apr 24, 12:02 AM] STATUS: INACTIVE. MESSAGE: Do a quick stretch!
[Apr 24, 12:02 AM] STATUS: INACTIVE. MESSAGE: Take a quick walk!
[Apr 24, 12:02 AM] STATUS: INACTIVE. MESSAGE: Take a quick walk!
[Apr 24, 12:02 AM] STATUS: INACTIVE. MESSAGE: Shake off the stiffness!
[Apr 24, 12:02 AM] STATUS: INACTIVE. MESSAGE: Shake off the stiffness!
[Apr 24, 12:02 AM] STATUS: INACTIVE. MESSAGE: Rest your eyes!
[Apr 24, 12:02 AM] STATUS: INACTIVE. MESSAGE: Do a quick stretch!
[Apr 24, 12:02 AM] STATUS: INACTIVE. MESSAGE: Take a quick walk!
[Apr 24, 12:02 AM] STATUS: INACTIVE. MESSAGE: Take a quick walk!
[Apr 24, 12:02 AM] STATUS: INACTIVE. MESSAGE: Time for a mini-break!
[Apr 24, 12:02 AM] STATUS: INACTIVE. MESSAGE: Time for a mini-break!
[Apr 24, 12:02 AM] STATUS: INACTIVE. MESSAGE: Shake off the stiffness!
[Apr 24, 12:02 AM] STATUS: INACTIVE. MESSAGE: Time for a mini-break!
[Apr 24, 12:02 AM] STATUS: INACTIVE. MESSAGE: Shake off the stiffness!
[Apr 24, 12:02 AM] STATUS: INACTIVE. MESSAGE: Rest your eyes!
[Apr 24, 12:02 AM] STATUS: INACTIVE. MESSAGE: Do a quick stretch!
[Apr 24, 12:16 AM] STATUS: INACTIVE. MESSAGE: Shake off the stiffness!
[Apr 24, 12:16 AM] STATUS: INACTIVE. MESSAGE: Shake off the stiffness!
[Apr 24, 12:16 AM] STATUS: INACTIVE. MESSAGE: Do a quick stretch!
[Apr 24, 12:16 AM] STATUS: INACTIVE. MESSAGE: Rest your eyes!
[Apr 24, 12:16 AM] STATUS: INACTIVE. MESSAGE: Shake off the stiffness!
[Apr 24, 12:16 AM] STATUS: INACTIVE. MESSAGE: Time for a mini-break!
[Apr 24, 12:16 AM] STATUS: INACTIVE. MESSAGE: Take a quick walk!
[Apr 24, 12:16 AM] STATUS: INACTIVE. MESSAGE: Do a quick stretch!
[Apr 24, 12:16 AM] STATUS: INACTIVE. MESSAGE: Rest your eyes!
[Apr 24, 12:16 AM] STATUS: INACTIVE. MESSAGE: Rest your eyes!
[Apr 24, 12:16 AM] STATUS: INACTIVE. MESSAGE: Take a quick walk!
[Apr 24, 12:16 AM] STATUS: INACTIVE. MESSAGE: Time for a mini-break!
[Apr 24, 12:16 AM] STATUS: INACTIVE. MESSAGE: Do a quick stretch!
[Apr 24, 12:16 AM] STATUS: INACTIVE. MESSAGE: Take a quick walk!
[Apr 24, 12:16 AM] STATUS: INACTIVE. MESSAGE: Shake off the stiffness!
[Apr 24, 12:16 AM] STATUS: INACTIVE. MESSAGE: Shake off the stiffness!
[Apr 24, 12:16 AM] STATUS: INACTIVE. MESSAGE: Rest your eyes!
[Apr 24, 12:16 AM] STATUS: INACTIVE. MESSAGE: Rest your eyes!
[Apr 24, 12:16 AM] STATUS: INACTIVE. MESSAGE: Rest your eyes!
[Apr 24, 12:16 AM] STATUS: INACTIVE. MESSAGE: Rest your eyes!
[Apr 24, 12:16 AM] STATUS: INACTIVE. MESSAGE: Time for a mini-break!
[Apr 24, 12:17 AM] STATUS: INACTIVE. MESSAGE: Time for a mini-break!
[Apr 24, 12:17 AM] STATUS: INACTIVE. MESSAGE: Take a quick walk!
[Apr 24, 12:17 AM] STATUS: INACTIVE. MESSAGE: Take a quick walk!
[Apr 24, 12:17 AM] STATUS: INACTIVE. MESSAGE: Time for a mini-break!
[Apr 24, 12:17 AM] STATUS: INACTIVE. MESSAGE: Do a quick stretch!
[Apr 24, 12:17 AM] STATUS: INACTIVE. MESSAGE: Time for a mini-break!
[Apr 24, 12:17 AM] STATUS: INACTIVE. MESSAGE: Do a quick stretch!
[Apr 24, 12:17 AM] STATUS: INACTIVE. MESSAGE: Take a quick walk!
[Apr 24, 12:17 AM] STATUS: INACTIVE. MESSAGE: Time for a mini-break!
[Apr 24, 12:17 AM] STATUS: INACTIVE. MESSAGE: Rest your eyes!
[Apr 24, 12:17 AM] STATUS: INACTIVE. MESSAGE: Rest your eyes!
[Apr 24, 12:17 AM] STATUS: INACTIVE. MESSAGE: Time for a mini-break!
[Apr 24, 12:17 AM] STATUS: INACTIVE. MESSAGE: Rest your eyes!
[Apr 24, 12:17 AM] STATUS: INACTIVE. MESSAGE: Do a quick stretch!
[Apr 24, 12:17 AM] STATUS: INACTIVE. MESSAGE: Rest your eyes!
[Apr 24, 12:17 AM] STATUS: INACTIVE. MESSAGE: Shake off the stiffness!
[Apr 24, 12:17 AM] STATUS: INACTIVE. MESSAGE: Rest your eyes!
[Apr 24, 12:17 AM] STATUS: INACTIVE. MESSAGE: Do a quick stretch!
[Apr 24, 12:17 AM] STATUS: INACTIVE. MESSAGE: Shake off the stiffness!
[Apr 24, 12:17 AM] STATUS: INACTIVE. MESSAGE: Rest your eyes!
[Apr 24, 12:17 AM] STATUS: INACTIVE. MESSAGE: Take a quick walk!
[Apr 24, 12:17 AM] STATUS: INACTIVE. MESSAGE: Take a quick walk!
[Apr 24, 12:17 AM] STATUS: INACTIVE. MESSAGE: Time for a mini-break!
[Apr 24, 12:17 AM] STATUS: INACTIVE. MESSAGE: Rest your eyes!
[Apr 24, 12:17 AM] STATUS: INACTIVE. MESSAGE: Shake off the stiffness!
[Apr 24, 12:17 AM] STATUS: INACTIVE. MESSAGE: Shake off the stiffness!
[Apr 24, 12:17 AM] STATUS: INACTIVE. MESSAGE: Do a quick stretch!
[Apr 24, 12:17 AM] STATUS: INACTIVE. MESSAGE: Shake off the stiffness!
[Apr 24, 12:17 AM] STATUS: INACTIVE. MESSAGE: Time for a mini-break!
[Apr 24, 12:17 AM] STATUS: INACTIVE. MESSAGE: Shake off the stiffness!
[Apr 24, 12:17 AM] STATUS: INACTIVE. MESSAGE: Shake off the stiffness!
[Apr 24, 12:17 AM] STATUS: INACTIVE. MESSAGE: Take a quick walk!
[Apr 24, 12:17 AM] STATUS: INACTIVE. MESSAGE: Take a quick walk!
[Apr 24, 12:17 AM] STATUS: INACTIVE. MESSAGE: Shake off the stiffness!
[Apr 24, 12:17 AM] STATUS: INACTIVE. MESSAGE: Rest your eyes!
[Apr 24, 12:17 AM] STATUS: INACTIVE. MESSAGE: Time for a mini-break!
[Apr 24, 12:17 AM] STATUS: INACTIVE. MESSAGE: Shake off the stiffness!
[Apr 24, 12:17 AM] STATUS: INACTIVE. MESSAGE: Do a quick stretch!
[Apr 24, 12:17 AM] STATUS: INACTIVE. MESSAGE: Time for a mini-break!
[Apr 24, 12:17 AM] STATUS: INACTIVE. MESSAGE: Time for a mini-break!
[Apr 24, 12:17 AM] STATUS: INACTIVE. MESSAGE: Do a quick stretch!
[Apr 24, 12:17 AM] STATUS: INACTIVE. MESSAGE: Take a quick walk!
[Apr 24, 12:17 AM] STATUS: INACTIVE. MESSAGE: Time for a mini-break!
[Apr 24, 12:17 AM] STATUS: INACTIVE. MESSAGE: Rest your eyes!
[Apr 24, 12:17 AM] STATUS: INACTIVE. MESSAGE: Do a quick stretch!
[Apr 24, 12:17 AM] STATUS: INACTIVE. MESSAGE: Take a quick walk!
[Apr 24, 12:17 AM] STATUS: INACTIVE. MESSAGE: Do a quick stretch!
[Apr 24, 12:17 AM] STATUS: INACTIVE. MESSAGE: Shake off the stiffness!
[Apr 24, 12:17 AM] STATUS: INACTIVE. MESSAGE: Shake off the stiffness!
[Apr 24, 12:17 AM] STATUS: INACTIVE. MESSAGE: Shake off the stiffness!
[Apr 24, 12:17 AM] STATUS: INACTIVE. MESSAGE: Shake off the stiffness!
[Apr 24, 12:17 AM] STATUS: INACTIVE. MESSAGE: Shake off the stiffness!
[Apr 24, 12:17 AM] STATUS: INACTIVE. MESSAGE: Do a quick stretch!
[Apr 24, 12:17 AM] STATUS: INACTIVE. MESSAGE: Shake off the stiffness!
[Apr 24, 12:17 AM] STATUS: INACTIVE. MESSAGE: Time for a mini-break!
[Apr 24, 12:17 AM] STATUS: INACTIVE. MESSAGE: Take a quick walk!
[Apr 24, 12:17 AM] STATUS: INACTIVE. MESSAGE: Do a quick stretch!
[Apr 24, 12:17 AM] STATUS: INACTIVE. MESSAGE: Do a quick stretch!
[Apr 24, 12:17 AM] STATUS: INACTIVE. MESSAGE: Time for a mini-break!
[Apr 24, 12:17 AM] STATUS: INACTIVE. MESSAGE: Do a quick stretch!
[Apr 24, 12:18 AM] STATUS: INACTIVE. MESSAGE: Time for a mini-break!
[Apr 24, 12:18 AM] STATUS: INACTIVE. MESSAGE: Take a quick walk!
[Apr 24, 12:18 AM] STATUS: INACTIVE. MESSAGE: Time for a mini-break!
[Apr 24, 12:18 AM] STATUS: INACTIVE. MESSAGE: Time for a mini-break!
[Apr 24, 12:18 AM] STATUS: INACTIVE. MESSAGE: Do a quick stretch!
[Apr 24, 12:18 AM] STATUS: INACTIVE. MESSAGE: Take a quick walk!
[Apr 24, 12:18 AM] STATUS: INACTIVE. MESSAGE: Do a quick stretch!
[Apr 24, 12:18 AM] STATUS: INACTIVE. MESSAGE: Take a quick walk!
[Apr 24, 12:18 AM] STATUS: INACTIVE. MESSAGE: Time for a mini-break!
[Apr 24, 12:18 AM] STATUS: INACTIVE. MESSAGE: Do a quick stretch!
[Apr 24, 12:18 AM] STATUS: INACTIVE. MESSAGE: Do a quick stretch!
[Apr 24, 12:18 AM] STATUS: INACTIVE. MESSAGE: Shake off the stiffness!
[Apr 24, 12:18 AM] STATUS: INACTIVE. MESSAGE: Do a quick stretch!
[Apr 24, 12:18 AM] STATUS: INACTIVE. MESSAGE: Take a quick walk!
[Apr 24, 12:18 AM] STATUS: INACTIVE. MESSAGE: Time for a mini-break!
[Apr 24, 12:18 AM] STATUS: INACTIVE. MESSAGE: Shake off the stiffness!
[Apr 24, 12:18 AM] STATUS: INACTIVE. MESSAGE: Time for a mini-break!
[Apr 24, 12:18 AM] STATUS: INACTIVE. MESSAGE: Do a quick stretch!
[Apr 24, 12:18 AM] STATUS: INACTIVE. MESSAGE: Rest your eyes!
[Apr 24, 12:18 AM] STATUS: INACTIVE. MESSAGE: Rest your eyes!
[Apr 24, 12:18 AM] STATUS: INACTIVE. MESSAGE: Time for a mini-break!
[Apr 24, 12:18 AM] STATUS: INACTIVE. MESSAGE: Do a quick stretch!
[Apr 24, 12:18 AM] STATUS: INACTIVE. MESSAGE: Take a quick walk!
[Apr 24, 12:18 AM] STATUS: INACTIVE. MESSAGE: Time for a mini-break!
[Apr 24, 12:18 AM] STATUS: INACTIVE. MESSAGE: Take a quick walk!
[Apr 24, 12:18 AM] STATUS: INACTIVE. MESSAGE: Rest your eyes!
[Apr 24, 12:18 AM] STATUS: INACTIVE. MESSAGE: Do a quick stretch!
[Apr 24, 12:18 AM] STATUS: INACTIVE. MESSAGE: Do a quick stretch!
[Apr 24, 12:18 AM] STATUS: INACTIVE. MESSAGE: Do a quick stretch!
[Apr 24, 12:18 AM] STATUS: INACTIVE. MESSAGE: Rest your eyes!
[Apr 24, 12:18 AM] STATUS: INACTIVE. MESSAGE: Shake off the stiffness!
[Apr 24, 12:18 AM] STATUS: INACTIVE. MESSAGE: Take a quick walk!
[Apr 24, 12:18 AM] STATUS: INACTIVE. MESSAGE: Do a quick stretch!
[Apr 24, 12:18 AM] STATUS: INACTIVE. MESSAGE: Take a quick walk!
[Apr 24, 12:18 AM] STATUS: INACTIVE. MESSAGE: Time for a mini-break!
[Apr 24, 12:18 AM] STATUS: INACTIVE. MESSAGE: Shake off the stiffness!
[Apr 24, 12:18 AM] STATUS: INACTIVE. MESSAGE: Take a quick walk!
[Apr 24, 12:18 AM] STATUS: INACTIVE. MESSAGE: Take a quick walk!
[Apr 24, 12:18 AM] STATUS: INACTIVE. MESSAGE: Take a quick walk!
[Apr 24, 12:18 AM] STATUS: INACTIVE. MESSAGE: Time for a mini-break!
[Apr 24, 12:18 AM] STATUS: INACTIVE. MESSAGE: Rest your eyes!
[Apr 24, 12:18 AM] STATUS: INACTIVE. MESSAGE: Take a quick walk!
[Apr 24, 12:18 AM] STATUS: INACTIVE. MESSAGE: Rest your eyes!
[Apr 24, 12:18 AM] STATUS: INACTIVE. MESSAGE: Do a quick stretch!
[Apr 24, 12:18 AM] STATUS: INACTIVE. MESSAGE: Take a quick walk!
[Apr 24, 12:18 AM] STATUS: INACTIVE. MESSAGE: Take a quick walk!
[Apr 24, 12:18 AM] STATUS: INACTIVE. MESSAGE: Take a quick walk!
[Apr 24, 12:18 AM] STATUS: INACTIVE. MESSAGE: Shake off the stiffness!
[Apr 24, 12:18 AM] STATUS: INACTIVE. MESSAGE: Take a quick walk!
[Apr 24, 12:18 AM] STATUS: INACTIVE. MESSAGE: Shake off the stiffness!
[Apr 24, 12:18 AM] STATUS: INACTIVE. MESSAGE: Shake off the stiffness!
[Apr 24, 12:18 AM] STATUS: INACTIVE. MESSAGE: Take a quick walk!
[Apr 24, 12:18 AM] STATUS: INACTIVE. MESSAGE: Rest your eyes!
[Apr 24, 12:18 AM] STATUS: INACTIVE. MESSAGE: Shake off the stiffness!
[Apr 24, 12:18 AM] STATUS: INACTIVE. MESSAGE: Time for a mini-break!
[Apr 24, 12:18 AM] STATUS: INACTIVE. MESSAGE: Do a quick stretch!
[Apr 24, 12:18 AM] STATUS: INACTIVE. MESSAGE: Rest your eyes!
[Apr 24, 12:18 AM] STATUS: INACTIVE. MESSAGE: Rest your eyes!
[Apr 24, 12:18 AM] STATUS: INACTIVE. MESSAGE: Time for a mini-break!
[Apr 24, 12:19 AM] STATUS: INACTIVE. MESSAGE: Time for a mini-break!
[Apr 24, 12:19 AM] STATUS: INACTIVE. MESSAGE: Rest your eyes!
[Apr 24, 12:19 AM] STATUS: INACTIVE. MESSAGE: Shake off the stiffness!
[Apr 24, 12:19 AM] STATUS: INACTIVE. MESSAGE: Time for a mini-break!
[Apr 24, 12:19 AM] STATUS: INACTIVE. MESSAGE: Shake off the stiffness!
[Apr 24, 12:19 AM] STATUS: INACTIVE. MESSAGE: Shake off the stiffness!
[Apr 24, 12:19 AM] STATUS: INACTIVE. MESSAGE: Do a quick stretch!
[Apr 24, 12:19 AM] STATUS: INACTIVE. MESSAGE: Take a quick walk!
[Apr 24, 12:19 AM] STATUS: INACTIVE. MESSAGE: Do a quick stretch!
[Apr 24, 12:19 AM] STATUS: INACTIVE. MESSAGE: Take a quick walk!
[Apr 24, 12:19 AM] STATUS: INACTIVE. MESSAGE: Rest your eyes!
[Apr 24, 12:19 AM] STATUS: INACTIVE. MESSAGE: Take a quick walk!
[Apr 24, 12:19 AM] STATUS: INACTIVE. MESSAGE: Do a quick stretch!
[Apr 24, 12:19 AM] STATUS: INACTIVE. MESSAGE: Take a quick walk!
[Apr 24, 12:19 AM] STATUS: INACTIVE. MESSAGE: Take a quick walk!
[Apr 24, 12:19 AM] STATUS: INACTIVE. MESSAGE: Rest your eyes!
[Apr 24, 12:19 AM] STATUS: INACTIVE. MESSAGE: Do a quick stretch!
[Apr 24, 12:19 AM] STATUS: INACTIVE. MESSAGE: Time for a mini-break!
[Apr 24, 12:19 AM] STATUS: INACTIVE. MESSAGE: Time for a mini-break!
[Apr 24, 12:19 AM] STATUS: INACTIVE. MESSAGE: Shake off the stiffness!
[Apr 24, 12:19 AM] STATUS: INACTIVE. MESSAGE: Shake off the stiffness!
[Apr 24, 12:19 AM] STATUS: INACTIVE. MESSAGE: Do a quick stretch!
[Apr 24, 12:19 AM] STATUS: INACTIVE. MESSAGE: Rest your eyes!
[Apr 24, 12:19 AM] STATUS: INACTIVE. MESSAGE: Take a quick walk!
[Apr 24, 12:19 AM] STATUS: INACTIVE. MESSAGE: Do a quick stretch!
[Apr 24, 12:19 AM] STATUS: INACTIVE. MESSAGE: Do a quick stretch!
[Apr 24, 12:19 AM] STATUS: INACTIVE. MESSAGE: Shake off the stiffness!
[Apr 24, 12:19 AM] STATUS: INACTIVE. MESSAGE: Take a quick walk!
[Apr 24, 12:19 AM] STATUS: INACTIVE. MESSAGE: Do a quick stretch!
[Apr 24, 12:19 AM] STATUS: INACTIVE. MESSAGE: Shake off the stiffness!
[Apr 24, 12:19 AM] STATUS: INACTIVE. MESSAGE: Time for a mini-break!
[Apr 24, 12:19 AM] STATUS: INACTIVE. MESSAGE: Time for a mini-break!
[Apr 24, 12:19 AM] STATUS: INACTIVE. MESSAGE: Take a quick walk!
[Apr 24, 12:19 AM] STATUS: INACTIVE. MESSAGE: Do a quick stretch!
[Apr 24, 12:19 AM] STATUS: INACTIVE. MESSAGE: Do a quick stretch!
[Apr 24, 12:19 AM] STATUS: INACTIVE. MESSAGE: Time for a mini-break!
[Apr 24, 12:19 AM] STATUS: INACTIVE. MESSAGE: Rest your eyes!
[Apr 24, 12:19 AM] STATUS: INACTIVE. MESSAGE: Do a quick stretch!
[Apr 24, 12:19 AM] STATUS: INACTIVE. MESSAGE: Rest your eyes!
[Apr 24, 12:19 AM] STATUS: INACTIVE. MESSAGE: Take a quick walk!
[Apr 24, 12:19 AM] STATUS: INACTIVE. MESSAGE: Take a quick walk!
[Apr 24, 12:19 AM] STATUS: INACTIVE. MESSAGE: Shake off the stiffness!
[Apr 24, 12:19 AM] STATUS: INACTIVE. MESSAGE: Take a quick walk!
[Apr 24, 12:19 AM] STATUS: INACTIVE. MESSAGE: Do a quick stretch!
[Apr 24, 12:19 AM] STATUS: INACTIVE. MESSAGE: Rest your eyes!
[Apr 24, 12:19 AM] STATUS: INACTIVE. MESSAGE: Take a quick walk!
[Apr 24, 12:19 AM] STATUS: INACTIVE. MESSAGE: Rest your eyes!
[Apr 24, 12:19 AM] STATUS: INACTIVE. MESSAGE: Rest your eyes!
[Apr 24, 12:19 AM] STATUS: INACTIVE. MESSAGE: Rest your eyes!
[Apr 24, 12:19 AM] STATUS: INACTIVE. MESSAGE: Rest your eyes!
[Apr 24, 12:19 AM] STATUS: INACTIVE. MESSAGE: Do a quick stretch!
[Apr 24, 12:19 AM] STATUS: INACTIVE. MESSAGE: Time for a mini-break!
[Apr 24, 12:19 AM] STATUS: INACTIVE. MESSAGE: Take a quick walk!
[Apr 24, 12:19 AM] STATUS: INACTIVE. MESSAGE: Take a quick walk!
[Apr 24, 12:19 AM] STATUS: INACTIVE. MESSAGE: Shake off the stiffness!
[Apr 24, 12:19 AM] STATUS: INACTIVE. MESSAGE: Time for a mini-break!
[Apr 24, 12:19 AM] STATUS: INACTIVE. MESSAGE: Time for a mini-break!
[Apr 24, 12:19 AM] STATUS: INACTIVE. MESSAGE: Take a quick walk!
[Apr 24, 12:19 AM] STATUS: INACTIVE. MESSAGE: Rest your eyes!
[Apr 24, 12:19 AM] STATUS: INACTIVE. MESSAGE: Do a quick stretch!
[Apr 24, 12:20 AM] STATUS: INACTIVE. MESSAGE: Shake off the stiffness!
[Apr 24, 12:20 AM] STATUS: INACTIVE. MESSAGE: Take a quick walk!
[Apr 24, 12:20 AM] STATUS: INACTIVE. MESSAGE: Time for a mini-break!
[Apr 24, 12:20 AM] STATUS: INACTIVE. MESSAGE: Time for a mini-break!
[Apr 24, 12:20 AM] STATUS: INACTIVE. MESSAGE: Time for a mini-break!
[Apr 24, 12:20 AM] STATUS: INACTIVE. MESSAGE: Take a quick walk!
[Apr 24, 12:20 AM] STATUS: INACTIVE. MESSAGE: Do a quick stretch!
[Apr 24, 12:20 AM] STATUS: INACTIVE. MESSAGE: Do a quick stretch!
[Apr 24, 12:20 AM] STATUS: INACTIVE. MESSAGE: Take a quick walk!
[Apr 24, 12:20 AM] STATUS: INACTIVE. MESSAGE: Time for a mini-break!
[Apr 24, 12:20 AM] STATUS: INACTIVE. MESSAGE: Shake off the stiffness!
[Apr 24, 12:20 AM] STATUS: INACTIVE. MESSAGE: Time for a mini-break!
[Apr 24, 12:20 AM] STATUS: INACTIVE. MESSAGE: Take a quick walk!
[Apr 24, 12:20 AM] STATUS: INACTIVE. MESSAGE: Do a quick stretch!
[Apr 24, 12:20 AM] STATUS: INACTIVE. MESSAGE: Shake off the stiffness!
[Apr 24, 12:20 AM] STATUS: INACTIVE. MESSAGE: Do a quick stretch!
[Apr 24, 12:20 AM] STATUS: INACTIVE. MESSAGE: Time for a mini-break!
[Apr 24, 12:20 AM] STATUS: INACTIVE. MESSAGE: Time for a mini-break!
[Apr 24, 12:20 AM] STATUS: INACTIVE. MESSAGE: Do a quick stretch!
[Apr 24, 12:20 AM] STATUS: INACTIVE. MESSAGE: Rest your eyes!
[Apr 24, 12:20 AM] STATUS: INACTIVE. MESSAGE: Take a quick walk!
[Apr 24, 12:20 AM] STATUS: INACTIVE. MESSAGE: Take a quick walk!
[Apr 24, 12:20 AM] STATUS: INACTIVE. MESSAGE: Time for a mini-break!
[Apr 24, 12:20 AM] STATUS: INACTIVE. MESSAGE: Time for a mini-break!
[Apr 24, 12:20 AM] STATUS: INACTIVE. MESSAGE: Shake off the stiffness!
[Apr 24, 12:20 AM] STATUS: INACTIVE. MESSAGE: Take a quick walk!
[Apr 24, 12:20 AM] STATUS: INACTIVE. MESSAGE: Take a quick walk!
[Apr 24, 12:20 AM] STATUS: INACTIVE. MESSAGE: Rest your eyes!
[Apr 24, 12:20 AM] STATUS: INACTIVE. MESSAGE: Shake off the stiffness!
[Apr 24, 12:20 AM] STATUS: INACTIVE. MESSAGE: Take a quick walk!
[Apr 24, 12:20 AM] STATUS: INACTIVE. MESSAGE: Rest your eyes!
[Apr 24, 12:20 AM] STATUS: INACTIVE. MESSAGE: Do a quick stretch!
[Apr 24, 12:20 AM] STATUS: INACTIVE. MESSAGE: Take a quick walk!
[Apr 24, 12:20 AM] STATUS: INACTIVE. MESSAGE: Time for a mini-break!
[Apr 24, 12:20 AM] STATUS: INACTIVE. MESSAGE: Take a quick walk!
[Apr 24, 12:20 AM] STATUS: INACTIVE. MESSAGE: Rest your eyes!
[Apr 24, 12:20 AM] STATUS: INACTIVE. MESSAGE: Rest your eyes!
[Apr 24, 12:20 AM] STATUS: INACTIVE. MESSAGE: Rest your eyes!
[Apr 24, 12:20 AM] STATUS: INACTIVE. MESSAGE: Do a quick stretch!
[Apr 24, 12:20 AM] STATUS: INACTIVE. MESSAGE: Rest your eyes!
[Apr 24, 12:20 AM] STATUS: INACTIVE. MESSAGE: Do a quick stretch!
[Apr 24, 12:20 AM] STATUS: INACTIVE. MESSAGE: Do a quick stretch!
[Apr 24, 12:20 AM] STATUS: INACTIVE. MESSAGE: Rest your eyes!
[Apr 24, 12:20 AM] STATUS: INACTIVE. MESSAGE: Shake off the stiffness!
[Apr 24, 12:20 AM] STATUS: INACTIVE. MESSAGE: Rest your eyes!
[Apr 24, 12:20 AM] STATUS: INACTIVE. MESSAGE: Rest your eyes!
[Apr 24, 12:20 AM] STATUS: INACTIVE. MESSAGE: Do a quick stretch!
[Apr 24, 12:20 AM] STATUS: INACTIVE. MESSAGE: Do a quick stretch!
[Apr 24, 12:20 AM] STATUS: INACTIVE. MESSAGE: Do a quick stretch!
[Apr 24, 12:20 AM] STATUS: INACTIVE. MESSAGE: Do a quick stretch!
[Apr 24, 12:20 AM] STATUS: INACTIVE. MESSAGE: Rest your eyes!
[Apr 24, 12:20 AM] STATUS: INACTIVE. MESSAGE: Take a quick walk!
[Apr 24, 12:20 AM] STATUS: INACTIVE. MESSAGE: Rest your eyes!
[Apr 24, 12:20 AM] STATUS: INACTIVE. MESSAGE: Time for a mini-break!
[Apr 24, 12:20 AM] STATUS: INACTIVE. MESSAGE: Shake off the stiffness!
[Apr 24, 12:20 AM] STATUS: INACTIVE. MESSAGE: Shake off the stiffness!
[Apr 24, 12:20 AM] STATUS: INACTIVE. MESSAGE: Take a quick walk!
[Apr 24, 12:20 AM] STATUS: INACTIVE. MESSAGE: Shake off the stiffness!
[Apr 24, 12:20 AM] STATUS: INACTIVE. MESSAGE: Do a quick stretch!
[Apr 24, 12:21 AM] STATUS: INACTIVE. MESSAGE: Rest your eyes!
[Apr 24, 12:21 AM] STATUS: INACTIVE. MESSAGE: Take a quick walk!
[Apr 24, 12:21 AM] STATUS: INACTIVE. MESSAGE: Time for a mini-break!
[Apr 24, 12:21 AM] STATUS: INACTIVE. MESSAGE: Do a quick stretch!
[Apr 24, 12:21 AM] STATUS: INACTIVE. MESSAGE: Shake off the stiffness!
[Apr 24, 12:21 AM] STATUS: INACTIVE. MESSAGE: Shake off the stiffness!
[Apr 24, 12:21 AM] STATUS: INACTIVE. MESSAGE: Shake off the stiffness!
[Apr 24, 12:21 AM] STATUS: INACTIVE. MESSAGE: Do a quick stretch!
[Apr 24, 12:21 AM] STATUS: INACTIVE. MESSAGE: Do a quick stretch!
[Apr 24, 12:21 AM] STATUS: INACTIVE. MESSAGE: Shake off the stiffness!
[Apr 24, 12:21 AM] STATUS: INACTIVE. MESSAGE: Do a quick stretch!
[Apr 24, 12:21 AM] STATUS: INACTIVE. MESSAGE: Time for a mini-break!
[Apr 24, 12:21 AM] STATUS: INACTIVE. MESSAGE: Do a quick stretch!
[Apr 24, 12:21 AM] STATUS: INACTIVE. MESSAGE: Time for a mini-break!
[Apr 24, 12:21 AM] STATUS: INACTIVE. MESSAGE: Rest your eyes!
[Apr 24, 12:21 AM] STATUS: INACTIVE. MESSAGE: Take a quick walk!
[Apr 24, 12:21 AM] STATUS: INACTIVE. MESSAGE: Do a quick stretch!
[Apr 24, 12:21 AM] STATUS: INACTIVE. MESSAGE: Time for a mini-break!
[Apr 24, 12:21 AM] STATUS: INACTIVE. MESSAGE: Take a quick walk!
[Apr 24, 12:21 AM] STATUS: INACTIVE. MESSAGE: Time for a mini-break!
[Apr 24, 12:21 AM] STATUS: INACTIVE. MESSAGE: Time for a mini-break!
[Apr 24, 12:21 AM] STATUS: INACTIVE. MESSAGE: Do a quick stretch!
[Apr 24, 12:21 AM] STATUS: INACTIVE. MESSAGE: Shake off the stiffness!
[Apr 24, 12:21 AM] STATUS: INACTIVE. MESSAGE: Rest your eyes!
[Apr 24, 12:21 AM] STATUS: INACTIVE. MESSAGE: Rest your eyes!
[Apr 24, 12:21 AM] STATUS: INACTIVE. MESSAGE: Take a quick walk!
[Apr 24, 12:21 AM] STATUS: INACTIVE. MESSAGE: Shake off the stiffness!
[Apr 24, 12:21 AM] STATUS: INACTIVE. MESSAGE: Take a quick walk!
[Apr 24, 12:21 AM] STATUS: INACTIVE. MESSAGE: Rest your eyes!
[Apr 24, 12:21 AM] STATUS: INACTIVE. MESSAGE: Take a quick walk!
[Apr 24, 12:21 AM] STATUS: INACTIVE. MESSAGE: Rest your eyes!
[Apr 24, 12:21 AM] STATUS: INACTIVE. MESSAGE: Shake off the stiffness!
[Apr 24, 12:21 AM] STATUS: INACTIVE. MESSAGE: Take a quick walk!
[Apr 24, 12:21 AM] STATUS: INACTIVE. MESSAGE: Time for a mini-break!
[Apr 24, 12:21 AM] STATUS: INACTIVE. MESSAGE: Take a quick walk!
[Apr 24, 12:21 AM] STATUS: INACTIVE. MESSAGE: Time for a mini-break!
[Apr 24, 12:21 AM] STATUS: INACTIVE. MESSAGE: Shake off the stiffness!
[Apr 24, 12:21 AM] STATUS: INACTIVE. MESSAGE: Rest your eyes!
[Apr 24, 12:21 AM] STATUS: INACTIVE. MESSAGE: Time for a mini-break!
[Apr 24, 12:21 AM] STATUS: INACTIVE. MESSAGE: Shake off the stiffness!
[Apr 24, 12:21 AM] STATUS: INACTIVE. MESSAGE: Do a quick stretch!
[Apr 24, 12:21 AM] STATUS: INACTIVE. MESSAGE: Shake off the stiffness!
[Apr 24, 12:21 AM] STATUS: INACTIVE. MESSAGE: Rest your eyes!
[Apr 24, 12:21 AM] STATUS: INACTIVE. MESSAGE: Time for a mini-break!
[Apr 24, 12:21 AM] STATUS: INACTIVE. MESSAGE: Rest your eyes!
[Apr 24, 12:31 AM] STATUS: INACTIVE. MESSAGE: Take a quick walk!
[Apr 24, 12:31 AM] STATUS: INACTIVE. MESSAGE: Do a quick stretch!
[Apr 24, 12:31 AM] STATUS: INACTIVE. MESSAGE: Time for a mini-break!
[Apr 24, 12:31 AM] STATUS: INACTIVE. MESSAGE: Rest your eyes!
[Apr 24, 12:31 AM] STATUS: INACTIVE. MESSAGE: Take a quick walk!
[Apr 24, 12:31 AM] STATUS: INACTIVE. MESSAGE: Time for a mini-break!
[Apr 24, 12:31 AM] STATUS: INACTIVE. MESSAGE: Rest your eyes!
[Apr 24, 12:31 AM] STATUS: INACTIVE. MESSAGE: Take a quick walk!
[Apr 24, 12:31 AM] STATUS: INACTIVE. MESSAGE: Take a quick walk!
[Apr 24, 12:31 AM] STATUS: INACTIVE. MESSAGE: Do a quick stretch!
[Apr 24, 12:31 AM] STATUS: INACTIVE. MESSAGE: Do a quick stretch!
[Apr 24, 12:31 AM] STATUS: INACTIVE. MESSAGE: Rest your eyes!
[Apr 24, 12:31 AM] STATUS: INACTIVE. MESSAGE: Do a quick stretch!
[Apr 24, 12:31 AM] STATUS: INACTIVE. MESSAGE: Shake off the stiffness!
[Apr 24, 12:31 AM] STATUS: INACTIVE. MESSAGE: Time for a mini-break!
[Apr 24, 12:31 AM] STATUS: INACTIVE. MESSAGE: Do a quick stretch!
[Apr 24, 12:31 AM] STATUS: INACTIVE. MESSAGE: Time for a mini-break!
[Apr 24, 12:31 AM] STATUS: INACTIVE. MESSAGE: Rest your eyes!
[Apr 24, 12:31 AM] STATUS: INACTIVE. MESSAGE: Time for a mini-break!
[Apr 24, 12:31 AM] STATUS: INACTIVE. MESSAGE: Take a quick walk!
[Apr 24, 12:31 AM] STATUS: INACTIVE. MESSAGE: Time for a mini-break!
[Apr 24, 12:32 AM] STATUS: INACTIVE. MESSAGE: Take a quick walk!
[Apr 24, 12:32 AM] STATUS: INACTIVE. MESSAGE: Do a quick stretch!
[Apr 24, 12:32 AM] STATUS: INACTIVE. MESSAGE: Time for a mini-break!
[Apr 24, 12:32 AM] STATUS: INACTIVE. MESSAGE: Take a quick walk!
[Apr 24, 12:32 AM] STATUS: INACTIVE. MESSAGE: Do a quick stretch!
[Apr 24, 12:32 AM] STATUS: INACTIVE. MESSAGE: Do a quick stretch!
[Apr 24, 12:32 AM] STATUS: INACTIVE. MESSAGE: Do a quick stretch!
[Apr 24, 12:32 AM] STATUS: INACTIVE. MESSAGE: Take a quick walk!
[Apr 24, 12:32 AM] STATUS: INACTIVE. MESSAGE: Shake off the stiffness!
[Apr 24, 12:32 AM] STATUS: INACTIVE. MESSAGE: Rest your eyes!
[Apr 24, 12:32 AM] STATUS: INACTIVE. MESSAGE: Take a quick walk!
[Apr 24, 12:32 AM] STATUS: INACTIVE. MESSAGE: Time for a mini-break!
[Apr 24, 12:32 AM] STATUS: INACTIVE. MESSAGE: Take a quick walk!
[Apr 24, 12:32 AM] STATUS: INACTIVE. MESSAGE: Take a quick walk!
[Apr 24, 12:32 AM] STATUS: INACTIVE. MESSAGE: Do a quick stretch!
[Apr 24, 12:32 AM] STATUS: INACTIVE. MESSAGE: Shake off the stiffness!
[Apr 24, 12:32 AM] STATUS: INACTIVE. MESSAGE: Take a quick walk!
[Apr 24, 12:32 AM] STATUS: INACTIVE. MESSAGE: Take a quick walk!
[Apr 24, 12:32 AM] STATUS: INACTIVE. MESSAGE: Time for a mini-break!
[Apr 24, 12:32 AM] STATUS: INACTIVE. MESSAGE: Shake off the stiffness!
[Apr 24, 12:32 AM] STATUS: INACTIVE. MESSAGE: Rest your eyes!
[Apr 24, 12:32 AM] STATUS: INACTIVE. MESSAGE: Take a quick walk!
[Apr 24, 12:32 AM] STATUS: INACTIVE. MESSAGE: Shake off the stiffness!
[Apr 24, 12:32 AM] STATUS: INACTIVE. MESSAGE: Time for a mini-break!
[Apr 24, 12:32 AM] STATUS: INACTIVE. MESSAGE: Take a quick walk!
[Apr 24, 12:32 AM] STATUS: INACTIVE. MESSAGE: Shake off the stiffness!
[Apr 24, 12:32 AM] STATUS: INACTIVE. MESSAGE: Do a quick stretch!
[Apr 24, 12:32 AM] STATUS: INACTIVE. MESSAGE: Take a quick walk!
[Apr 24, 12:32 AM] STATUS: INACTIVE. MESSAGE: Shake off the stiffness!
[Apr 24, 12:32 AM] STATUS: INACTIVE. MESSAGE: Rest your eyes!
[Apr 24, 12:32 AM] STATUS: INACTIVE. MESSAGE: Time for a mini-break!
[Apr 24, 12:32 AM] STATUS: INACTIVE. MESSAGE: Shake off the stiffness!
[Apr 24, 12:32 AM] STATUS: INACTIVE. MESSAGE: Take a quick walk!
[Apr 24, 12:32 AM] STATUS: INACTIVE. MESSAGE: Time for a mini-break!
[Apr 24, 12:32 AM] STATUS: INACTIVE. MESSAGE: Do a quick stretch!
[Apr 24, 12:32 AM] STATUS: INACTIVE. MESSAGE: Do a quick stretch!
[Apr 24, 12:32 AM] STATUS: INACTIVE. MESSAGE: Shake off the stiffness!
[Apr 24, 12:32 AM] STATUS: INACTIVE. MESSAGE: Rest your eyes!
[Apr 24, 12:32 AM] STATUS: INACTIVE. MESSAGE: Rest your eyes!
[Apr 24, 12:32 AM] STATUS: INACTIVE. MESSAGE: Do a quick stretch!
[Apr 24, 12:32 AM] STATUS: INACTIVE. MESSAGE: Do a quick stretch!
[Apr 24, 12:32 AM] STATUS: INACTIVE. MESSAGE: Rest your eyes!
[Apr 24, 12:32 AM] STATUS: INACTIVE. MESSAGE: Shake off the stiffness!
[Apr 24, 12:32 AM] STATUS: INACTIVE. MESSAGE: Take a quick walk!
[Apr 24, 12:32 AM] STATUS: INACTIVE. MESSAGE: Time for a mini-break!
[Apr 24, 12:32 AM] STATUS: INACTIVE. MESSAGE: Shake off the stiffness!
[Apr 24, 12:32 AM] STATUS: INACTIVE. MESSAGE: Rest your eyes!
[Apr 24, 12:32 AM] STATUS: INACTIVE. MESSAGE: Do a quick stretch!
[Apr 24, 12:32 AM] STATUS: INACTIVE. MESSAGE: Take a quick walk!
[Apr 24, 12:32 AM] STATUS: INACTIVE. MESSAGE: Time for a mini-break!
[Apr 24, 12:32 AM] STATUS: INACTIVE. MESSAGE: Time for a mini-break!
[Apr 24, 12:32 AM] STATUS: INACTIVE. MESSAGE: Do a quick stretch!
[Apr 24, 12:32 AM] STATUS: INACTIVE. MESSAGE: Shake off the stiffness!
[Apr 24, 12:32 AM] STATUS: INACTIVE. MESSAGE: Rest your eyes!
[Apr 24, 12:32 AM] STATUS: INACTIVE. MESSAGE: Do a quick stretch!
[Apr 24, 12:32 AM] STATUS: INACTIVE. MESSAGE: Shake off the stiffness!
[Apr 24, 12:32 AM] STATUS: INACTIVE. MESSAGE: Take a quick walk!
[Apr 24, 12:32 AM] STATUS: INACTIVE. MESSAGE: Time for a mini-break!
[Apr 24, 12:32 AM] STATUS: INACTIVE. MESSAGE: Do a quick stretch!
[Apr 24, 12:32 AM] STATUS: INACTIVE. MESSAGE: Shake off the stiffness!
[Apr 24, 12:33 AM] STATUS: INACTIVE. MESSAGE: Take a quick walk!
[Apr 24, 12:33 AM] STATUS: INACTIVE. MESSAGE: Rest your eyes!
[Apr 24, 12:33 AM] STATUS: INACTIVE. MESSAGE: Time for a mini-break!
[Apr 24, 12:33 AM] STATUS: INACTIVE. MESSAGE: Take a quick walk!
[Apr 24, 12:33 AM] STATUS: INACTIVE. MESSAGE: Do a quick stretch!
[Apr 24, 12:33 AM] STATUS: INACTIVE. MESSAGE: Do a quick stretch!
[Apr 24, 12:33 AM] STATUS: INACTIVE. MESSAGE: Shake off the stiffness!
[Apr 24, 12:33 AM] STATUS: INACTIVE. MESSAGE: Time for a mini-break!
[Apr 24, 12:33 AM] STATUS: INACTIVE. MESSAGE: Rest your eyes!
[Apr 24, 12:33 AM] STATUS: INACTIVE. MESSAGE: Time for a mini-break!
[Apr 24, 12:33 AM] STATUS: INACTIVE. MESSAGE: Rest your eyes!
[Apr 24, 12:33 AM] STATUS: INACTIVE. MESSAGE: Time for a mini-break!
[Apr 24, 12:33 AM] STATUS: INACTIVE. MESSAGE: Take a quick walk!
[Apr 24, 12:33 AM] STATUS: INACTIVE. MESSAGE: Rest your eyes!
[Apr 24, 12:33 AM] STATUS: INACTIVE. MESSAGE: Shake off the stiffness!
[Apr 24, 12:33 AM] STATUS: INACTIVE. MESSAGE: Take a quick walk!
[Apr 24, 12:33 AM] STATUS: INACTIVE. MESSAGE: Shake off the stiffness!
[Apr 24, 12:33 AM] STATUS: INACTIVE. MESSAGE: Do a quick stretch!
[Apr 24, 12:33 AM] STATUS: INACTIVE. MESSAGE: Shake off the stiffness!
[Apr 24, 12:33 AM] STATUS: INACTIVE. MESSAGE: Time for a mini-break!
[Apr 24, 12:33 AM] STATUS: INACTIVE. MESSAGE: Rest your eyes!
[Apr 24, 12:33 AM] STATUS: INACTIVE. MESSAGE: Shake off the stiffness!
[Apr 24, 12:33 AM] STATUS: INACTIVE. MESSAGE: Time for a mini-break!
[Apr 24, 12:33 AM] STATUS: INACTIVE. MESSAGE: Do a quick stretch!
[Apr 24, 12:33 AM] STATUS: INACTIVE. MESSAGE: Take a quick walk!
[Apr 24, 12:33 AM] STATUS: INACTIVE. MESSAGE: Take a quick walk!
[Apr 24, 12:33 AM] STATUS: INACTIVE. MESSAGE: Take a quick walk!
[Apr 24, 12:33 AM] STATUS: INACTIVE. MESSAGE: Shake off the stiffness!
[Apr 24, 12:33 AM] STATUS: INACTIVE. MESSAGE: Time for a mini-break!
[Apr 24, 12:33 AM] STATUS: INACTIVE. MESSAGE: Do a quick stretch!
[Apr 24, 12:33 AM] STATUS: INACTIVE. MESSAGE: Time for a mini-break!
[Apr 24, 12:33 AM] STATUS: INACTIVE. MESSAGE: Do a quick stretch!
[Apr 24, 12:33 AM] STATUS: INACTIVE. MESSAGE: Shake off the stiffness!
[Apr 24, 12:33 AM] STATUS: INACTIVE. MESSAGE: Time for a mini-break!
[Apr 24, 12:33 AM] STATUS: INACTIVE. MESSAGE: Rest your eyes!
[Apr 24, 12:33 AM] STATUS: INACTIVE. MESSAGE: Shake off the stiffness!
[Apr 24, 12:33 AM] STATUS: INACTIVE. MESSAGE: Time for a mini-break!
[Apr 24, 12:33 AM] STATUS: INACTIVE. MESSAGE: Take a quick walk!
[Apr 24, 12:33 AM] STATUS: INACTIVE. MESSAGE: Take a quick walk!
[Apr 24, 12:33 AM] STATUS: INACTIVE. MESSAGE: Do a quick stretch!
[Apr 24, 12:33 AM] STATUS: INACTIVE. MESSAGE: Rest your eyes!
[Apr 24, 12:33 AM] STATUS: INACTIVE. MESSAGE: Time for a mini-break!
[Apr 24, 12:33 AM] STATUS: INACTIVE. MESSAGE: Shake off the stiffness!
[Apr 24, 12:33 AM] STATUS: INACTIVE. MESSAGE: Do a quick stretch!
[Apr 24, 12:33 AM] STATUS: INACTIVE. MESSAGE: Shake off the stiffness!
[Apr 24, 12:33 AM] STATUS: INACTIVE. MESSAGE: Take a quick walk!
[Apr 24, 12:33 AM] STATUS: INACTIVE. MESSAGE: Shake off the stiffness!
[Apr 24, 12:33 AM] STATUS: INACTIVE. MESSAGE: Shake off the stiffness!
[Apr 24, 12:33 AM] STATUS: INACTIVE. MESSAGE: Take a quick walk!
[Apr 24, 12:33 AM] STATUS: INACTIVE. MESSAGE: Take a quick walk!
[Apr 24, 12:33 AM] STATUS: INACTIVE. MESSAGE: Take a quick walk!
[Apr 24, 12:33 AM] STATUS: INACTIVE. MESSAGE: Time for a mini-break!
[Apr 24, 12:33 AM] STATUS: INACTIVE. MESSAGE: Time for a mini-break!
[Apr 24, 12:33 AM] STATUS: INACTIVE. MESSAGE: Take a quick walk!
[Apr 24, 12:33 AM] STATUS: INACTIVE. MESSAGE: Rest your eyes!
[Apr 24, 12:33 AM] STATUS: INACTIVE. MESSAGE: Time for a mini-break!
[Apr 24, 12:33 AM] STATUS: INACTIVE. MESSAGE: Do a quick stretch!
[Apr 24, 12:33 AM] STATUS: INACTIVE. MESSAGE: Do a quick stretch!
[Apr 24, 12:33 AM] STATUS: INACTIVE. MESSAGE: Do a quick stretch!
[Apr 24, 12:34 AM] STATUS: INACTIVE. MESSAGE: Do a quick stretch!
[Apr 24, 12:34 AM] STATUS: INACTIVE. MESSAGE: Take a quick walk!
[Apr 24, 12:34 AM] STATUS: INACTIVE. MESSAGE: Time for a mini-break!
[Apr 24, 12:34 AM] STATUS: INACTIVE. MESSAGE: Rest your eyes!
[Apr 24, 12:34 AM] STATUS: INACTIVE. MESSAGE: Time for a mini-break!
[Apr 24, 12:34 AM] STATUS: INACTIVE. MESSAGE: Time for a mini-break!
[Apr 24, 12:34 AM] STATUS: INACTIVE. MESSAGE: Do a quick stretch!
[Apr 24, 12:34 AM] STATUS: INACTIVE. MESSAGE: Take a quick walk!
[Apr 24, 12:34 AM] STATUS: INACTIVE. MESSAGE: Shake off the stiffness!
[Apr 24, 12:34 AM] STATUS: INACTIVE. MESSAGE: Take a quick walk!
[Apr 24, 12:34 AM] STATUS: INACTIVE. MESSAGE: Take a quick walk!
[Apr 24, 12:34 AM] STATUS: INACTIVE. MESSAGE: Time for a mini-break!
[Apr 24, 12:34 AM] STATUS: INACTIVE. MESSAGE: Time for a mini-break!
[Apr 24, 12:34 AM] STATUS: INACTIVE. MESSAGE: Do a quick stretch!
[Apr 24, 12:34 AM] STATUS: INACTIVE. MESSAGE: Time for a mini-break!
[Apr 24, 12:34 AM] STATUS: INACTIVE. MESSAGE: Time for a mini-break!
[Apr 24, 12:34 AM] STATUS: INACTIVE. MESSAGE: Do a quick stretch!
[Apr 24, 12:34 AM] STATUS: INACTIVE. MESSAGE: Shake off the stiffness!
[Apr 24, 12:34 AM] STATUS: INACTIVE. MESSAGE: Time for a mini-break!
[Apr 24, 12:34 AM] STATUS: INACTIVE. MESSAGE: Shake off the stiffness!
[Apr 24, 12:34 AM] STATUS: INACTIVE. MESSAGE: Rest your eyes!
[Apr 24, 12:34 AM] STATUS: INACTIVE. MESSAGE: Time for a mini-break!
[Apr 24, 12:34 AM] STATUS: INACTIVE. MESSAGE: Do a quick stretch!
[Apr 24, 12:34 AM] STATUS: INACTIVE. MESSAGE: Time for a mini-break!
[Apr 24, 12:34 AM] STATUS: INACTIVE. MESSAGE: Take a quick walk!
[Apr 24, 12:34 AM] STATUS: INACTIVE. MESSAGE: Rest your eyes!
[Apr 24, 12:34 AM] STATUS: INACTIVE. MESSAGE: Time for a mini-break!
[Apr 24, 12:34 AM] STATUS: INACTIVE. MESSAGE: Shake off the stiffness!
[Apr 24, 12:34 AM] STATUS: INACTIVE. MESSAGE: Time for a mini-break!
[Apr 24, 12:34 AM] STATUS: INACTIVE. MESSAGE: Rest your eyes!
[Apr 24, 12:34 AM] STATUS: INACTIVE. MESSAGE: Take a quick walk!
[Apr 24, 12:34 AM] STATUS: INACTIVE. MESSAGE: Shake off the stiffness!
[Apr 24, 12:34 AM] STATUS: INACTIVE. MESSAGE: Time for a mini-break!
[Apr 24, 12:34 AM] STATUS: INACTIVE. MESSAGE: Take a quick walk!
[Apr 24, 12:34 AM] STATUS: INACTIVE. MESSAGE: Take a quick walk!
[Apr 24, 12:34 AM] STATUS: INACTIVE. MESSAGE: Time for a mini-break!
[Apr 24, 12:34 AM] STATUS: INACTIVE. MESSAGE: Do a quick stretch!
[Apr 24, 12:34 AM] STATUS: INACTIVE. MESSAGE: Rest your eyes!
[Apr 24, 12:34 AM] STATUS: INACTIVE. MESSAGE: Time for a mini-break!
[Apr 24, 12:34 AM] STATUS: INACTIVE. MESSAGE: Take a quick walk!
[Apr 24, 12:34 AM] STATUS: INACTIVE. MESSAGE: Rest your eyes!
[Apr 24, 12:34 AM] STATUS: INACTIVE. MESSAGE: Take a quick walk!
[Apr 24, 12:34 AM] STATUS: INACTIVE. MESSAGE: Time for a mini-break!
[Apr 24, 12:34 AM] STATUS: INACTIVE. MESSAGE: Time for a mini-break!
[Apr 24, 12:34 AM] STATUS: INACTIVE. MESSAGE: Shake off the stiffness!
[Apr 24, 12:34 AM] STATUS: INACTIVE. MESSAGE: Shake off the stiffness!
[Apr 24, 12:34 AM] STATUS: INACTIVE. MESSAGE: Time for a mini-break!
[Apr 24, 12:34 AM] STATUS: INACTIVE. MESSAGE: Time for a mini-break!
[Apr 24, 12:34 AM] STATUS: INACTIVE. MESSAGE: Shake off the stiffness!
[Apr 24, 12:34 AM] STATUS: INACTIVE. MESSAGE: Do a quick stretch!
[Apr 24, 12:34 AM] STATUS: INACTIVE. MESSAGE: Rest your eyes!
[Apr 24, 12:34 AM] STATUS: INACTIVE. MESSAGE: Shake off the stiffness!
[Apr 24, 12:34 AM] STATUS: INACTIVE. MESSAGE: Take a quick walk!
[Apr 24, 12:34 AM] STATUS: INACTIVE. MESSAGE: Time for a mini-break!
[Apr 24, 12:34 AM] STATUS: INACTIVE. MESSAGE: Rest your eyes!
[Apr 24, 12:34 AM] STATUS: INACTIVE. MESSAGE: Rest your eyes!
[Apr 24, 12:34 AM] STATUS: INACTIVE. MESSAGE: Take a quick walk!
[Apr 24, 12:34 AM] STATUS: INACTIVE. MESSAGE: Take a quick walk!
[Apr 24, 12:34 AM] STATUS: INACTIVE. MESSAGE: Rest your eyes!
[Apr 24, 12:34 AM] STATUS: INACTIVE. MESSAGE: Shake off the stiffness!
[Apr 24, 12:35 AM] STATUS: INACTIVE. MESSAGE: Rest your eyes!
[Apr 24, 12:35 AM] STATUS: INACTIVE. MESSAGE: Shake off the stiffness!
[Apr 24, 12:35 AM] STATUS: INACTIVE. MESSAGE: Take a quick walk!
[Apr 24, 12:35 AM] STATUS: INACTIVE. MESSAGE: Shake off the stiffness!
[Apr 24, 12:35 AM] STATUS: INACTIVE. MESSAGE: Do a quick stretch!
[Apr 24, 12:35 AM] STATUS: INACTIVE. MESSAGE: Take a quick walk!
[Apr 24, 12:35 AM] STATUS: INACTIVE. MESSAGE: Time for a mini-break!
[Apr 24, 12:35 AM] STATUS: INACTIVE. MESSAGE: Do a quick stretch!
[Apr 24, 12:35 AM] STATUS: INACTIVE. MESSAGE: Rest your eyes!
[Apr 24, 12:35 AM] STATUS: INACTIVE. MESSAGE: Time for a mini-break!
[Apr 24, 12:35 AM] STATUS: INACTIVE. MESSAGE: Do a quick stretch!
[Apr 24, 12:35 AM] STATUS: INACTIVE. MESSAGE: Rest your eyes!
[Apr 24, 12:35 AM] STATUS: INACTIVE. MESSAGE: Rest your eyes!
[Apr 24, 12:35 AM] STATUS: INACTIVE. MESSAGE: Time for a mini-break!
[Apr 24, 12:35 AM] STATUS: INACTIVE. MESSAGE: Shake off the stiffness!
[Apr 24, 12:35 AM] STATUS: INACTIVE. MESSAGE: Shake off the stiffness!
[Apr 24, 12:35 AM] STATUS: INACTIVE. MESSAGE: Take a quick walk!
[Apr 24, 12:35 AM] STATUS: INACTIVE. MESSAGE: Rest your eyes!
[Apr 24, 12:35 AM] STATUS: INACTIVE. MESSAGE: Do a quick stretch!
[Apr 24, 12:35 AM] STATUS: INACTIVE. MESSAGE: Take a quick walk!
[Apr 24, 12:35 AM] STATUS: INACTIVE. MESSAGE: Time for a mini-break!
[Apr 24, 12:35 AM] STATUS: INACTIVE. MESSAGE: Take a quick walk!
[Apr 24, 12:35 AM] STATUS: INACTIVE. MESSAGE: Rest your eyes!
[Apr 24, 12:35 AM] STATUS: INACTIVE. MESSAGE: Rest your eyes!
[Apr 24, 12:35 AM] STATUS: INACTIVE. MESSAGE: Rest your eyes!
[Apr 24, 12:35 AM] STATUS: INACTIVE. MESSAGE: Shake off the stiffness!
[Apr 24, 12:35 AM] STATUS: INACTIVE. MESSAGE: Shake off the stiffness!
[Apr 24, 12:35 AM] STATUS: INACTIVE. MESSAGE: Rest your eyes!
[Apr 24, 12:35 AM] STATUS: INACTIVE. MESSAGE: Do a quick stretch!
[Apr 24, 12:35 AM] STATUS: INACTIVE. MESSAGE: Rest your eyes!
[Apr 24, 12:35 AM] STATUS: INACTIVE. MESSAGE: Time for a mini-break!
[Apr 24, 12:35 AM] STATUS: INACTIVE. MESSAGE: Do a quick stretch!
[Apr 24, 12:35 AM] STATUS: INACTIVE. MESSAGE: Take a quick walk!
[Apr 24, 12:35 AM] STATUS: INACTIVE. MESSAGE: Take a quick walk!
[Apr 24, 12:35 AM] STATUS: INACTIVE. MESSAGE: Rest your eyes!
[Apr 24, 12:35 AM] STATUS: INACTIVE. MESSAGE: Take a quick walk!
[Apr 24, 12:35 AM] STATUS: INACTIVE. MESSAGE: Rest your eyes!
[Apr 24, 12:35 AM] STATUS: INACTIVE. MESSAGE: Take a quick walk!
[Apr 24, 12:35 AM] STATUS: INACTIVE. MESSAGE: Rest your eyes!
[Apr 24, 12:35 AM] STATUS: INACTIVE. MESSAGE: Do a quick stretch!
[Apr 24, 12:35 AM] STATUS: INACTIVE. MESSAGE: Rest your eyes!
[Apr 24, 12:35 AM] STATUS: INACTIVE. MESSAGE: Take a quick walk!
[Apr 24, 12:35 AM] STATUS: INACTIVE. MESSAGE: Take a quick walk!
[Apr 24, 12:35 AM] STATUS: INACTIVE. MESSAGE: Do a quick stretch!
[Apr 24, 12:35 AM] STATUS: INACTIVE. MESSAGE: Shake off the stiffness!
[Apr 24, 12:35 AM] STATUS: INACTIVE. MESSAGE: Time for a mini-break!
[Apr 24, 12:35 AM] STATUS: INACTIVE. MESSAGE: Time for a mini-break!
[Apr 24, 12:35 AM] STATUS: INACTIVE. MESSAGE: Rest your eyes!
[Apr 24, 12:35 AM] STATUS: INACTIVE. MESSAGE: Do a quick stretch!
[Apr 24, 12:35 AM] STATUS: INACTIVE. MESSAGE: Time for a mini-break!
[Apr 24, 12:35 AM] STATUS: INACTIVE. MESSAGE: Do a quick stretch!
[Apr 24, 12:35 AM] STATUS: INACTIVE. MESSAGE: Time for a mini-break!
[Apr 24, 12:35 AM] STATUS: INACTIVE. MESSAGE: Shake off the stiffness!
[Apr 24, 12:35 AM] STATUS: INACTIVE. MESSAGE: Time for a mini-break!
[Apr 24, 12:35 AM] STATUS: INACTIVE. MESSAGE: Shake off the stiffness!
[Apr 24, 12:35 AM] STATUS: INACTIVE. MESSAGE: Time for a mini-break!
[Apr 24, 12:35 AM] STATUS: INACTIVE. MESSAGE: Rest your eyes!
[Apr 24, 12:35 AM] STATUS: INACTIVE. MESSAGE: Time for a mini-break!
[Apr 24, 12:35 AM] STATUS: INACTIVE. MESSAGE: Shake off the stiffness!
[Apr 24, 12:36 AM] STATUS: INACTIVE. MESSAGE: Do a quick stretch!
[Apr 24, 12:36 AM] STATUS: INACTIVE. MESSAGE: Time for a mini-break!
[Apr 24, 12:36 AM] STATUS: INACTIVE. MESSAGE: Shake off the stiffness!
[Apr 24, 12:36 AM] STATUS: INACTIVE. MESSAGE: Time for a mini-break!
[Apr 24, 12:36 AM] STATUS: INACTIVE. MESSAGE: Take a quick walk!
[Apr 24, 12:36 AM] STATUS: INACTIVE. MESSAGE: Take a quick walk!
[Apr 24, 12:36 AM] STATUS: INACTIVE. MESSAGE: Time for a mini-break!
[Apr 24, 12:36 AM] STATUS: INACTIVE. MESSAGE: Time for a mini-break!
[Apr 24, 12:36 AM] STATUS: INACTIVE. MESSAGE: Take a quick walk!
[Apr 24, 12:36 AM] STATUS: INACTIVE. MESSAGE: Take a quick walk!
[Apr 24, 12:36 AM] STATUS: INACTIVE. MESSAGE: Rest your eyes!
[Apr 24, 12:36 AM] STATUS: INACTIVE. MESSAGE: Shake off the stiffness!
[Apr 24, 12:36 AM] STATUS: INACTIVE. MESSAGE: Time for a mini-break!
[Apr 24, 12:36 AM] STATUS: INACTIVE. MESSAGE: Rest your eyes!
[Apr 24, 12:36 AM] STATUS: INACTIVE. MESSAGE: Time for a mini-break!
[Apr 24, 12:36 AM] STATUS: INACTIVE. MESSAGE: Shake off the stiffness!
[Apr 24, 12:36 AM] STATUS: INACTIVE. MESSAGE: Do a quick stretch!
[Apr 24, 12:36 AM] STATUS: INACTIVE. MESSAGE: Rest your eyes!
[Apr 24, 12:36 AM] STATUS: INACTIVE. MESSAGE: Shake off the stiffness!
[Apr 24, 12:36 AM] STATUS: INACTIVE. MESSAGE: Time for a mini-break!
[Apr 24, 12:36 AM] STATUS: INACTIVE. MESSAGE: Do a quick stretch!
[Apr 24, 12:36 AM] STATUS: INACTIVE. MESSAGE: Time for a mini-break!
[Apr 24, 12:36 AM] STATUS: INACTIVE. MESSAGE: Shake off the stiffness!
[Apr 24, 12:36 AM] STATUS: INACTIVE. MESSAGE: Take a quick walk!
[Apr 24, 12:36 AM] STATUS: INACTIVE. MESSAGE: Do a quick stretch!
[Apr 24, 12:36 AM] STATUS: INACTIVE. MESSAGE: Time for a mini-break!
[Apr 24, 12:36 AM] STATUS: INACTIVE. MESSAGE: Rest your eyes!
[Apr 24, 12:36 AM] STATUS: INACTIVE. MESSAGE: Shake off the stiffness!
[Apr 24, 12:36 AM] STATUS: INACTIVE. MESSAGE: Time for a mini-break!
[Apr 24, 12:36 AM] STATUS: INACTIVE. MESSAGE: Shake off the stiffness!
[Apr 24, 12:36 AM] STATUS: INACTIVE. MESSAGE: Time for a mini-break!
[Apr 24, 12:36 AM] STATUS: INACTIVE. MESSAGE: Shake off the stiffness!
[Apr 24, 12:36 AM] STATUS: INACTIVE. MESSAGE: Rest your eyes!
[Apr 24, 12:36 AM] STATUS: INACTIVE. MESSAGE: Time for a mini-break!
[Apr 24, 12:36 AM] STATUS: INACTIVE. MESSAGE: Take a quick walk!
[Apr 24, 12:36 AM] STATUS: INACTIVE. MESSAGE: Rest your eyes!
[Apr 24, 12:36 AM] STATUS: INACTIVE. MESSAGE: Shake off the stiffness!
[Apr 24, 12:36 AM] STATUS: INACTIVE. MESSAGE: Do a quick stretch!
[Apr 24, 12:36 AM] STATUS: INACTIVE. MESSAGE: Take a quick walk!
[Apr 24, 12:36 AM] STATUS: INACTIVE. MESSAGE: Time for a mini-break!
[Apr 24, 12:36 AM] STATUS: INACTIVE. MESSAGE: Time for a mini-break!
[Apr 24, 12:36 AM] STATUS: INACTIVE. MESSAGE: Shake off the stiffness!
[Apr 24, 12:36 AM] STATUS: INACTIVE. MESSAGE: Do a quick stretch!
[Apr 24, 12:36 AM] STATUS: INACTIVE. MESSAGE: Time for a mini-break!
[Apr 24, 12:36 AM] STATUS: INACTIVE. MESSAGE: Do a quick stretch!
[Apr 24, 12:36 AM] STATUS: INACTIVE. MESSAGE: Take a quick walk!
[Apr 24, 12:36 AM] STATUS: INACTIVE. MESSAGE: Rest your eyes!
[Apr 24, 12:36 AM] STATUS: INACTIVE. MESSAGE: Shake off the stiffness!
[Apr 24, 12:36 AM] STATUS: INACTIVE. MESSAGE: Time for a mini-break!
[Apr 24, 12:46 AM] STATUS: INACTIVE. MESSAGE: Rest your eyes!
[Apr 24, 12:46 AM] STATUS: INACTIVE. MESSAGE: Shake off the stiffness!
[Apr 24, 12:46 AM] STATUS: INACTIVE. MESSAGE: Time for a mini-break!
[Apr 24, 12:46 AM] STATUS: INACTIVE. MESSAGE: Take a quick walk!
[Apr 24, 12:46 AM] STATUS: INACTIVE. MESSAGE: Shake off the stiffness!
[Apr 24, 12:46 AM] STATUS: INACTIVE. MESSAGE: Do a quick stretch!
[Apr 24, 12:46 AM] STATUS: INACTIVE. MESSAGE: Shake off the stiffness!
[Apr 24, 12:46 AM] STATUS: INACTIVE. MESSAGE: Time for a mini-break!
[Apr 24, 12:46 AM] STATUS: INACTIVE. MESSAGE: Take a quick walk!
[Apr 24, 12:46 AM] STATUS: INACTIVE. MESSAGE: Rest your eyes!
[Apr 24, 12:46 AM] STATUS: INACTIVE. MESSAGE: Shake off the stiffness!
[Apr 24, 12:46 AM] STATUS: INACTIVE. MESSAGE: Do a quick stretch!
[Apr 24, 12:46 AM] STATUS: INACTIVE. MESSAGE: Take a quick walk!
[Apr 24, 12:46 AM] STATUS: INACTIVE. MESSAGE: Take a quick walk!
[Apr 24, 12:46 AM] STATUS: INACTIVE. MESSAGE: Take a quick walk!
[Apr 24, 12:46 AM] STATUS: INACTIVE. MESSAGE: Take a quick walk!
[Apr 24, 12:46 AM] STATUS: INACTIVE. MESSAGE: Shake off the stiffness!
[Apr 24, 12:46 AM] STATUS: INACTIVE. MESSAGE: Do a quick stretch!
[Apr 24, 12:46 AM] STATUS: INACTIVE. MESSAGE: Time for a mini-break!
[Apr 24, 12:46 AM] STATUS: INACTIVE. MESSAGE: Do a quick stretch!
[Apr 24, 12:46 AM] STATUS: INACTIVE. MESSAGE: Shake off the stiffness!
[Apr 24, 12:46 AM] STATUS: INACTIVE. MESSAGE: Take a quick walk!
[Apr 24, 12:46 AM] STATUS: INACTIVE. MESSAGE: Take a quick walk!
[Apr 24, 12:46 AM] STATUS: INACTIVE. MESSAGE: Shake off the stiffness!
[Apr 24, 12:46 AM] STATUS: INACTIVE. MESSAGE: Shake off the stiffness!
[Apr 24, 12:46 AM] STATUS: INACTIVE. MESSAGE: Take a quick walk!
[Apr 24, 12:46 AM] STATUS: INACTIVE. MESSAGE: Take a quick walk!
[Apr 24, 12:46 AM] STATUS: INACTIVE. MESSAGE: Rest your eyes!
[Apr 24, 12:46 AM] STATUS: INACTIVE. MESSAGE: Rest your eyes!
[Apr 24, 12:46 AM] STATUS: INACTIVE. MESSAGE: Take a quick walk!
[Apr 24, 12:46 AM] STATUS: INACTIVE. MESSAGE: Shake off the stiffness!
[Apr 24, 12:46 AM] STATUS: INACTIVE. MESSAGE: Take a quick walk!
[Apr 24, 12:46 AM] STATUS: INACTIVE. MESSAGE: Time for a mini-break!
[Apr 24, 12:46 AM] STATUS: INACTIVE. MESSAGE: Time for a mini-break!
[Apr 24, 12:46 AM] STATUS: INACTIVE. MESSAGE: Time for a mini-break!
[Apr 24, 12:46 AM] STATUS: INACTIVE. MESSAGE: Do a quick stretch!
[Apr 24, 12:46 AM] STATUS: INACTIVE. MESSAGE: Do a quick stretch!
[Apr 24, 12:46 AM] STATUS: INACTIVE. MESSAGE: Rest your eyes!
[Apr 24, 12:46 AM] STATUS: INACTIVE. MESSAGE: Shake off the stiffness!
[Apr 24, 12:46 AM] STATUS: INACTIVE. MESSAGE: Time for a mini-break!
[Apr 24, 12:46 AM] STATUS: INACTIVE. MESSAGE: Time for a mini-break!
[Apr 24, 12:46 AM] STATUS: INACTIVE. MESSAGE: Rest your eyes!
[Apr 24, 12:46 AM] STATUS: INACTIVE. MESSAGE: Take a quick walk!
[Apr 24, 12:46 AM] STATUS: INACTIVE. MESSAGE: Time for a mini-break!
[Apr 24, 12:46 AM] STATUS: INACTIVE. MESSAGE: Time for a mini-break!
[Apr 24, 12:46 AM] STATUS: INACTIVE. MESSAGE: Time for a mini-break!
[Apr 24, 12:46 AM] STATUS: INACTIVE. MESSAGE: Shake off the stiffness!
[Apr 24, 12:46 AM] STATUS: INACTIVE. MESSAGE: Time for a mini-break!
[Apr 24, 12:46 AM] STATUS: INACTIVE. MESSAGE: Take a quick walk!
[Apr 24, 12:46 AM] STATUS: INACTIVE. MESSAGE: Rest your eyes!
[Apr 24, 12:46 AM] STATUS: INACTIVE. MESSAGE: Take a quick walk!
[Apr 24, 12:46 AM] STATUS: INACTIVE. MESSAGE: Shake off the stiffness!
[Apr 24, 12:46 AM] STATUS: INACTIVE. MESSAGE: Rest your eyes!
[Apr 24, 12:46 AM] STATUS: INACTIVE. MESSAGE: Time for a mini-break!
[Apr 24, 12:46 AM] STATUS: INACTIVE. MESSAGE: Do a quick stretch!
[Apr 24, 12:46 AM] STATUS: INACTIVE. MESSAGE: Time for a mini-break!
[Apr 24, 12:47 AM] STATUS: INACTIVE. MESSAGE: Take a quick walk!
[Apr 24, 12:47 AM] STATUS: INACTIVE. MESSAGE: Time for a mini-break!
[Apr 24, 12:47 AM] STATUS: INACTIVE. MESSAGE: Take a quick walk!
[Apr 24, 12:47 AM] STATUS: INACTIVE. MESSAGE: Rest your eyes!
[Apr 24, 12:47 AM] STATUS: INACTIVE. MESSAGE: Shake off the stiffness!
[Apr 24, 12:47 AM] STATUS: INACTIVE. MESSAGE: Take a quick walk!
[Apr 24, 12:47 AM] STATUS: INACTIVE. MESSAGE: Time for a mini-break!
[Apr 24, 12:47 AM] STATUS: INACTIVE. MESSAGE: Shake off the stiffness!
[Apr 24, 12:47 AM] STATUS: INACTIVE. MESSAGE: Time for a mini-break!
[Apr 24, 12:47 AM] STATUS: INACTIVE. MESSAGE: Rest your eyes!
[Apr 24, 12:47 AM] STATUS: INACTIVE. MESSAGE: Take a quick walk!
[Apr 24, 12:47 AM] STATUS: INACTIVE. MESSAGE: Rest your eyes!
[Apr 24, 12:47 AM] STATUS: INACTIVE. MESSAGE: Shake off the stiffness!
[Apr 24, 12:47 AM] STATUS: INACTIVE. MESSAGE: Do a quick stretch!
[Apr 24, 12:47 AM] STATUS: INACTIVE. MESSAGE: Time for a mini-break!
[Apr 24, 12:47 AM] STATUS: INACTIVE. MESSAGE: Shake off the stiffness!
[Apr 24, 12:47 AM] STATUS: INACTIVE. MESSAGE: Shake off the stiffness!
[Apr 24, 12:47 AM] STATUS: INACTIVE. MESSAGE: Rest your eyes!
[Apr 24, 12:47 AM] STATUS: INACTIVE. MESSAGE: Take a quick walk!
[Apr 24, 12:47 AM] STATUS: INACTIVE. MESSAGE: Rest your eyes!
[Apr 24, 12:47 AM] STATUS: INACTIVE. MESSAGE: Rest your eyes!
[Apr 24, 12:47 AM] STATUS: INACTIVE. MESSAGE: Rest your eyes!
[Apr 24, 12:47 AM] STATUS: INACTIVE. MESSAGE: Rest your eyes!
[Apr 24, 12:47 AM] STATUS: INACTIVE. MESSAGE: Rest your eyes!
[Apr 24, 12:47 AM] STATUS: INACTIVE. MESSAGE: Do a quick stretch!
[Apr 24, 12:47 AM] STATUS: INACTIVE. MESSAGE: Rest your eyes!
[Apr 24, 12:47 AM] STATUS: INACTIVE. MESSAGE: Shake off the stiffness!
[Apr 24, 12:47 AM] STATUS: INACTIVE. MESSAGE: Take a quick walk!
[Apr 24, 12:47 AM] STATUS: INACTIVE. MESSAGE: Rest your eyes!
[Apr 24, 12:47 AM] STATUS: INACTIVE. MESSAGE: Rest your eyes!
[Apr 24, 12:47 AM] STATUS: INACTIVE. MESSAGE: Do a quick stretch!
[Apr 24, 12:47 AM] STATUS: INACTIVE. MESSAGE: Rest your eyes!
[Apr 24, 12:47 AM] STATUS: INACTIVE. MESSAGE: Shake off the stiffness!
[Apr 24, 12:47 AM] STATUS: INACTIVE. MESSAGE: Shake off the stiffness!
[Apr 24, 12:47 AM] STATUS: INACTIVE. MESSAGE: Take a quick walk!
[Apr 24, 12:47 AM] STATUS: INACTIVE. MESSAGE: Do a quick stretch!
[Apr 24, 12:47 AM] STATUS: INACTIVE. MESSAGE: Time for a mini-break!
[Apr 24, 12:47 AM] STATUS: INACTIVE. MESSAGE: Shake off the stiffness!
[Apr 24, 12:47 AM] STATUS: INACTIVE. MESSAGE: Rest your eyes!
[Apr 24, 12:47 AM] STATUS: INACTIVE. MESSAGE: Take a quick walk!
[Apr 24, 12:47 AM] STATUS: INACTIVE. MESSAGE: Do a quick stretch!
[Apr 24, 12:47 AM] STATUS: INACTIVE. MESSAGE: Time for a mini-break!
[Apr 24, 12:47 AM] STATUS: INACTIVE. MESSAGE: Rest your eyes!
[Apr 24, 12:47 AM] STATUS: INACTIVE. MESSAGE: Rest your eyes!
[Apr 24, 12:47 AM] STATUS: INACTIVE. MESSAGE: Time for a mini-break!
[Apr 24, 12:47 AM] STATUS: INACTIVE. MESSAGE: Time for a mini-break!
[Apr 24, 12:47 AM] STATUS: INACTIVE. MESSAGE: Do a quick stretch!
[Apr 24, 12:47 AM] STATUS: INACTIVE. MESSAGE: Do a quick stretch!
[Apr 24, 12:47 AM] STATUS: INACTIVE. MESSAGE: Do a quick stretch!
[Apr 24, 12:47 AM] STATUS: INACTIVE. MESSAGE: Rest your eyes!
[Apr 24, 12:47 AM] STATUS: INACTIVE. MESSAGE: Do a quick stretch!
[Apr 24, 12:47 AM] STATUS: INACTIVE. MESSAGE: Rest your eyes!
[Apr 24, 12:47 AM] STATUS: INACTIVE. MESSAGE: Take a quick walk!
[Apr 24, 12:47 AM] STATUS: INACTIVE. MESSAGE: Shake off the stiffness!
[Apr 24, 12:47 AM] STATUS: INACTIVE. MESSAGE: Shake off the stiffness!
[Apr 24, 12:47 AM] STATUS: INACTIVE. MESSAGE: Shake off the stiffness!
[Apr 24, 12:47 AM] STATUS: INACTIVE. MESSAGE: Rest your eyes!
[Apr 24, 12:47 AM] STATUS: INACTIVE. MESSAGE: Take a quick walk!
[Apr 24, 12:47 AM] STATUS: INACTIVE. MESSAGE: Time for a mini-break!
[Apr 24, 12:48 AM] STATUS: INACTIVE. MESSAGE: Rest your eyes!
[Apr 24, 12:48 AM] STATUS: INACTIVE. MESSAGE: Do a quick stretch!
[Apr 24, 12:48 AM] STATUS: INACTIVE. MESSAGE: Shake off the stiffness!
[Apr 24, 12:48 AM] STATUS: INACTIVE. MESSAGE: Take a quick walk!
[Apr 24, 12:48 AM] STATUS: INACTIVE. MESSAGE: Time for a mini-break!
[Apr 24, 12:48 AM] STATUS: INACTIVE. MESSAGE: Time for a mini-break!
[Apr 24, 12:48 AM] STATUS: INACTIVE. MESSAGE: Rest your eyes!
[Apr 24, 12:48 AM] STATUS: INACTIVE. MESSAGE: Do a quick stretch!
[Apr 24, 12:48 AM] STATUS: INACTIVE. MESSAGE: Rest your eyes!
[Apr 24, 12:48 AM] STATUS: INACTIVE. MESSAGE: Shake off the stiffness!
[Apr 24, 12:48 AM] STATUS: INACTIVE. MESSAGE: Shake off the stiffness!
[Apr 24, 12:48 AM] STATUS: INACTIVE. MESSAGE: Time for a mini-break!
[Apr 24, 12:48 AM] STATUS: INACTIVE. MESSAGE: Do a quick stretch!
[Apr 24, 12:48 AM] STATUS: INACTIVE. MESSAGE: Shake off the stiffness!
[Apr 24, 12:48 AM] STATUS: INACTIVE. MESSAGE: Take a quick walk!
[Apr 24, 12:48 AM] STATUS: INACTIVE. MESSAGE: Do a quick stretch!
[Apr 24, 12:48 AM] STATUS: INACTIVE. MESSAGE: Shake off the stiffness!
[Apr 24, 12:48 AM] STATUS: INACTIVE. MESSAGE: Shake off the stiffness!
[Apr 24, 12:48 AM] STATUS: INACTIVE. MESSAGE: Time for a mini-break!
[Apr 24, 12:48 AM] STATUS: INACTIVE. MESSAGE: Time for a mini-break!
[Apr 24, 12:48 AM] STATUS: INACTIVE. MESSAGE: Time for a mini-break!
[Apr 24, 12:48 AM] STATUS: INACTIVE. MESSAGE: Rest your eyes!
[Apr 24, 12:48 AM] STATUS: INACTIVE. MESSAGE: Shake off the stiffness!
[Apr 24, 12:48 AM] STATUS: INACTIVE. MESSAGE: Time for a mini-break!
[Apr 24, 12:48 AM] STATUS: INACTIVE. MESSAGE: Rest your eyes!
[Apr 24, 12:48 AM] STATUS: INACTIVE. MESSAGE: Rest your eyes!
[Apr 24, 12:48 AM] STATUS: INACTIVE. MESSAGE: Do a quick stretch!
[Apr 24, 12:48 AM] STATUS: INACTIVE. MESSAGE: Time for a mini-break!
[Apr 24, 12:48 AM] STATUS: INACTIVE. MESSAGE: Time for a mini-break!
[Apr 24, 12:48 AM] STATUS: INACTIVE. MESSAGE: Do a quick stretch!
[Apr 24, 12:48 AM] STATUS: INACTIVE. MESSAGE: Rest your eyes!
[Apr 24, 12:48 AM] STATUS: INACTIVE. MESSAGE: Do a quick stretch!
[Apr 24, 12:48 AM] STATUS: INACTIVE. MESSAGE: Do a quick stretch!
[Apr 24, 12:48 AM] STATUS: INACTIVE. MESSAGE: Take a quick walk!
[Apr 24, 12:48 AM] STATUS: INACTIVE. MESSAGE: Do a quick stretch!
[Apr 24, 12:48 AM] STATUS: INACTIVE. MESSAGE: Time for a mini-break!
[Apr 24, 12:48 AM] STATUS: INACTIVE. MESSAGE: Do a quick stretch!
[Apr 24, 12:48 AM] STATUS: INACTIVE. MESSAGE: Do a quick stretch!
[Apr 24, 12:48 AM] STATUS: INACTIVE. MESSAGE: Time for a mini-break!
[Apr 24, 12:48 AM] STATUS: INACTIVE. MESSAGE: Take a quick walk!
[Apr 24, 12:48 AM] STATUS: INACTIVE. MESSAGE: Do a quick stretch!
[Apr 24, 12:48 AM] STATUS: INACTIVE. MESSAGE: Take a quick walk!
[Apr 24, 12:48 AM] STATUS: INACTIVE. MESSAGE: Time for a mini-break!
[Apr 24, 12:48 AM] STATUS: INACTIVE. MESSAGE: Shake off the stiffness!
[Apr 24, 12:48 AM] STATUS: INACTIVE. MESSAGE: Do a quick stretch!
[Apr 24, 12:48 AM] STATUS: INACTIVE. MESSAGE: Time for a mini-break!
[Apr 24, 12:48 AM] STATUS: INACTIVE. MESSAGE: Do a quick stretch!
[Apr 24, 12:48 AM] STATUS: INACTIVE. MESSAGE: Take a quick walk!
[Apr 24, 12:48 AM] STATUS: INACTIVE. MESSAGE: Take a quick walk!
[Apr 24, 12:48 AM] STATUS: INACTIVE. MESSAGE: Take a quick walk!
[Apr 24, 12:48 AM] STATUS: INACTIVE. MESSAGE: Do a quick stretch!
[Apr 24, 12:48 AM] STATUS: INACTIVE. MESSAGE: Do a quick stretch!
[Apr 24, 12:48 AM] STATUS: INACTIVE. MESSAGE: Rest your eyes!
[Apr 24, 12:48 AM] STATUS: INACTIVE. MESSAGE: Do a quick stretch!
[Apr 24, 12:48 AM] STATUS: INACTIVE. MESSAGE: Time for a mini-break!
[Apr 24, 12:48 AM] STATUS: INACTIVE. MESSAGE: Do a quick stretch!
[Apr 24, 12:48 AM] STATUS: INACTIVE. MESSAGE: Time for a mini-break!
[Apr 24, 12:48 AM] STATUS: INACTIVE. MESSAGE: Rest your eyes!
[Apr 24, 12:48 AM] STATUS: INACTIVE. MESSAGE: Rest your eyes!
[Apr 24, 12:48 AM] STATUS: INACTIVE. MESSAGE: Take a quick walk!
[Apr 24, 12:49 AM] STATUS: INACTIVE. MESSAGE: Shake off the stiffness!
[Apr 24, 12:49 AM] STATUS: INACTIVE. MESSAGE: Take a quick walk!
[Apr 24, 12:49 AM] STATUS: INACTIVE. MESSAGE: Time for a mini-break!
[Apr 24, 12:49 AM] STATUS: INACTIVE. MESSAGE: Shake off the stiffness!
[Apr 24, 12:49 AM] STATUS: INACTIVE. MESSAGE: Take a quick walk!
[Apr 24, 12:49 AM] STATUS: INACTIVE. MESSAGE: Take a quick walk!
[Apr 24, 12:49 AM] STATUS: INACTIVE. MESSAGE: Take a quick walk!
[Apr 24, 12:49 AM] STATUS: INACTIVE. MESSAGE: Do a quick stretch!
[Apr 24, 12:49 AM] STATUS: INACTIVE. MESSAGE: Do a quick stretch!
[Apr 24, 12:49 AM] STATUS: INACTIVE. MESSAGE: Take a quick walk!
[Apr 24, 12:49 AM] STATUS: INACTIVE. MESSAGE: Take a quick walk!
[Apr 24, 12:49 AM] STATUS: INACTIVE. MESSAGE: Do a quick stretch!
[May 06, 06:46 PM] STATUS: IDLE | MESSAGE: Rest your eyes!
[May 18, 02:35 AM] STATUS: IDLE | MESSAGE: Rest your eyes!
[Jun 19, 08:14 PM] STATUS: IDLE | MESSAGE: Rest your eyes!
[Jun 19, 08:16 PM] STATUS: IDLE | MESSAGE: Do a quick stretch!
